#
# There is insufficient memory for the Java Runtime Environment to continue.
# Native memory allocation (malloc) failed to allocate 1117456 bytes for Chunk::new
# Possible reasons:
#   The system is out of physical RAM or swap space
#   The process is running with CompressedOops enabled, and the Java Heap may be blocking the growth of the native heap
# Possible solutions:
#   Reduce memory load on the system
#   Increase physical memory or swap space
#   Check if swap backing store is full
#   Decrease Java heap size (-Xmx/-Xms)
#   Decrease number of Java threads
#   Decrease Java thread stack sizes (-Xss)
#   Set larger code cache with -XX:ReservedCodeCacheSize=
#   JVM is running with Unscaled Compressed Oops mode in which the Java heap is
#     placed in the first 4GB address space. The Java Heap base address is the
#     maximum limit for the native heap growth. Please use -XX:HeapBaseMinAddress
#     to set the Java Heap base and to place the Java Heap above 4GB virtual address.
# This output file may be truncated or incomplete.
#
#  Out of Memory Error (allocation.cpp:389), pid=3204, tid=0x0000000000002300
#
# JRE version: OpenJDK Runtime Environment (8.0_242-b01) (build 1.8.0_242-release-1644-b01)
# Java VM: OpenJDK 64-Bit Server VM (25.242-b01 mixed mode windows-amd64 compressed oops)
# Failed to write core dump. Minidumps are not enabled by default on client versions of Windows
#

---------------  T H R E A D  ---------------

Current thread (0x00000000192d7000):  JavaThread "C2 CompilerThread1" daemon [_thread_in_native, id=8960, stack(0x0000000019ca0000,0x0000000019da0000)]

Stack: [0x0000000019ca0000,0x0000000019da0000]
[error occurred during error reporting (printing stack bounds), id 0xc0000005]

Native frames: (J=compiled Java code, j=interpreted, Vv=VM code, C=native code)


Current CompileTask:
C2:1841444 19066       4       com.sun.tools.javac.comp.Attr::selectSym (600 bytes)


---------------  P R O C E S S  ---------------

Java Threads: ( => current thread )
  0x0000000024d17000 JavaThread "Cache worker for Java compile cache (C:\Users\Amaya\Desktop\DigitalHealth\.gradle\6.1.1\javaCompile)" [_thread_blocked, id=13940, stack(0x0000000031a60000,0x0000000031b60000)]
  0x0000000024d1c000 JavaThread "Cache worker for Java compile cache (C:\Users\Amaya\.gradle\caches\6.1.1\javaCompile)" [_thread_blocked, id=212, stack(0x0000000031960000,0x0000000031a60000)]
  0x0000000024d1b800 JavaThread "stdout" [_thread_in_native, id=12192, stack(0x0000000031860000,0x0000000031960000)]
  0x0000000024d1a800 JavaThread "stderr" [_thread_in_native, id=4528, stack(0x0000000031760000,0x0000000031860000)]
  0x0000000024d0f800 JavaThread "stdout" [_thread_in_native, id=7876, stack(0x0000000031660000,0x0000000031760000)]
  0x0000000024d16000 JavaThread "stderr" [_thread_in_native, id=14304, stack(0x0000000031560000,0x0000000031660000)]
  0x0000000024d13000 JavaThread "stdout" [_thread_in_native, id=11284, stack(0x0000000031460000,0x0000000031560000)]
  0x0000000024d14000 JavaThread "stderr" [_thread_in_native, id=10596, stack(0x0000000031360000,0x0000000031460000)]
  0x0000000024d11800 JavaThread "stdout" [_thread_in_native, id=14004, stack(0x0000000031260000,0x0000000031360000)]
  0x0000000024d12800 JavaThread "stderr" [_thread_in_native, id=10256, stack(0x0000000031160000,0x0000000031260000)]
  0x0000000024d10000 JavaThread "stdout" [_thread_in_native, id=12088, stack(0x0000000031060000,0x0000000031160000)]
  0x0000000024d15800 JavaThread "stderr" [_thread_in_native, id=11692, stack(0x0000000030f60000,0x0000000031060000)]
  0x0000000024d11000 JavaThread "stdout" [_thread_in_native, id=7228, stack(0x0000000030e60000,0x0000000030f60000)]
  0x0000000024d0e800 JavaThread "stderr" [_thread_in_native, id=7124, stack(0x0000000030d60000,0x0000000030e60000)]
  0x0000000024d0e000 JavaThread "stdout" [_thread_in_native, id=13996, stack(0x0000000030c60000,0x0000000030d60000)]
  0x0000000024d14800 JavaThread "stdout" [_thread_in_native, id=1516, stack(0x0000000030b60000,0x0000000030c60000)]
  0x000000001bfad800 JavaThread "stderr" [_thread_in_native, id=12932, stack(0x0000000030a60000,0x0000000030b60000)]
  0x000000001bfa7800 JavaThread "stderr" [_thread_in_native, id=3356, stack(0x0000000030960000,0x0000000030a60000)]
  0x000000001bfaa000 JavaThread "pool-4-thread-1" [_thread_blocked, id=12080, stack(0x0000000030860000,0x0000000030960000)]
  0x000000001bfad000 JavaThread "WorkerExecutor Queue Thread 8" [_thread_blocked, id=7640, stack(0x0000000030760000,0x0000000030860000)]
  0x000000001e956000 JavaThread "WorkerExecutor Queue Thread 7" [_thread_blocked, id=13512, stack(0x0000000030660000,0x0000000030760000)]
  0x000000001e955800 JavaThread "WorkerExecutor Queue Thread 6" [_thread_blocked, id=12468, stack(0x0000000030560000,0x0000000030660000)]
  0x000000001e959000 JavaThread "WorkerExecutor Queue Thread 5" [_thread_blocked, id=9788, stack(0x0000000030460000,0x0000000030560000)]
  0x000000001e94e000 JavaThread "WorkerExecutor Queue Thread 4" [_thread_blocked, id=13668, stack(0x0000000030360000,0x0000000030460000)]
  0x000000001e953000 JavaThread "WorkerExecutor Queue Thread 3" [_thread_blocked, id=13936, stack(0x0000000030260000,0x0000000030360000)]
  0x000000001e951800 JavaThread "WorkerExecutor Queue Thread 2" [_thread_blocked, id=8932, stack(0x0000000030160000,0x0000000030260000)]
  0x000000001e94e800 JavaThread "WorkerExecutor Queue" [_thread_blocked, id=10820, stack(0x0000000030060000,0x0000000030160000)]
  0x00000000210bf000 JavaThread "Cache worker for execution history cache (C:\Users\Amaya\Desktop\DigitalHealth\.gradle\6.1.1\executionHistory)" [_thread_blocked, id=11744, stack(0x000000002ff60000,0x0000000030060000)]
  0x00000000210bd800 JavaThread "Execution worker for ':' Thread 7" [_thread_blocked, id=13144, stack(0x000000002fe60000,0x000000002ff60000)]
  0x00000000210bd000 JavaThread "Execution worker for ':' Thread 6" [_thread_blocked, id=14012, stack(0x000000002fd60000,0x000000002fe60000)]
  0x00000000210b5800 JavaThread "Execution worker for ':' Thread 5" [_thread_in_native, id=8324, stack(0x000000002fc60000,0x000000002fd60000)]
  0x00000000210b7800 JavaThread "Execution worker for ':' Thread 4" [_thread_blocked, id=2016, stack(0x000000002fb60000,0x000000002fc60000)]
  0x00000000210ba000 JavaThread "Execution worker for ':' Thread 3" [_thread_blocked, id=4308, stack(0x000000002fa60000,0x000000002fb60000)]
  0x00000000210ba800 JavaThread "Execution worker for ':' Thread 2" [_thread_blocked, id=1404, stack(0x000000002f960000,0x000000002fa60000)]
  0x00000000210bb800 JavaThread "Execution worker for ':'" [_thread_blocked, id=13980, stack(0x000000002f860000,0x000000002f960000)]
  0x00000000210b8800 JavaThread "Cache worker for file content cache (C:\Users\Amaya\Desktop\DigitalHealth\.gradle\6.1.1\fileContent)" [_thread_blocked, id=5416, stack(0x000000002f760000,0x000000002f860000)]
  0x00000000210b1000 JavaThread "Cache worker for Build Output Cleanup Cache (C:\Users\Amaya\Desktop\DigitalHealth\.gradle\buildOutputCleanup)" [_thread_blocked, id=5764, stack(0x000000002f660000,0x000000002f760000)]
  0x00000000210b4000 JavaThread "Build operations Thread 8" [_thread_blocked, id=9156, stack(0x000000002f560000,0x000000002f660000)]
  0x00000000210b3000 JavaThread "Build operations Thread 7" [_thread_blocked, id=12084, stack(0x000000002f460000,0x000000002f560000)]
  0x00000000210b6000 JavaThread "Build operations Thread 6" [_thread_blocked, id=8628, stack(0x000000002f360000,0x000000002f460000)]
  0x00000000210b1800 JavaThread "Build operations Thread 5" [_thread_blocked, id=9084, stack(0x000000002f260000,0x000000002f360000)]
  0x000000001c5cf800 JavaThread "Build operations Thread 4" [_thread_blocked, id=5324, stack(0x000000002f160000,0x000000002f260000)]
  0x000000001c5ce000 JavaThread "Build operations Thread 3" [_thread_blocked, id=12504, stack(0x000000002f060000,0x000000002f160000)]
  0x000000001c5d1800 JavaThread "Build operations Thread 2" [_thread_blocked, id=11796, stack(0x000000002ef60000,0x000000002f060000)]
  0x000000001c5d1000 JavaThread "Build operations" [_thread_blocked, id=4012, stack(0x000000002ee60000,0x000000002ef60000)]
  0x000000001c5d0000 JavaThread "Cache worker for cache directory md-rule (C:\Users\Amaya\.gradle\caches\6.1.1\md-rule)" [_thread_blocked, id=8972, stack(0x000000002ed60000,0x000000002ee60000)]
  0x000000001c5cd000 JavaThread "Cache worker for cache directory md-supplier (C:\Users\Amaya\.gradle\caches\6.1.1\md-supplier)" [_thread_blocked, id=10764, stack(0x000000002ec60000,0x000000002ed60000)]
  0x000000001c5c5800 JavaThread "Cache worker for file hash cache (C:\Users\Amaya\Desktop\DigitalHealth\.gradle\6.1.1\fileHashes)" [_thread_blocked, id=12976, stack(0x000000002eb60000,0x000000002ec60000)]
  0x000000001c5cc800 JavaThread "Cache worker for checksums cache (C:\Users\Amaya\Desktop\DigitalHealth\.gradle\checksums)" [_thread_blocked, id=9720, stack(0x000000002ea60000,0x000000002eb60000)]
  0x000000001c5c8800 JavaThread "Thread-54" [_thread_blocked, id=1120, stack(0x000000002e960000,0x000000002ea60000)]
  0x000000001c5ca000 JavaThread "Asynchronous log dispatcher for DefaultDaemonConnection: socket connection from /127.0.0.1:7302 to /127.0.0.1:7460" [_thread_blocked, id=8500, stack(0x000000002e760000,0x000000002e860000)]
  0x000000001c5cb000 JavaThread "Daemon worker Thread 2" [_thread_blocked, id=14056, stack(0x000000002e660000,0x000000002e760000)]
  0x000000001c5cb800 JavaThread "Cancel handler" [_thread_blocked, id=8092, stack(0x000000002e560000,0x000000002e660000)]
  0x000000001c5c5000 JavaThread "Handler for socket connection from /127.0.0.1:7302 to /127.0.0.1:7460" [_thread_in_native, id=14008, stack(0x000000002e460000,0x000000002e560000)]
  0x000000001c5c2800 JavaThread "Daemon Thread 2" [_thread_blocked, id=2344, stack(0x000000002e360000,0x000000002e460000)]
  0x000000001e958800 JavaThread "Cache worker for file content cache (C:\Users\Amaya\.gradle\caches\6.1.1\fileContent)" [_thread_blocked, id=13752, stack(0x00000000255e0000,0x00000000256e0000)]
  0x000000001e951000 JavaThread "Memory manager" [_thread_blocked, id=2648, stack(0x00000000251c0000,0x00000000252c0000)]
  0x000000001bfa9000 JavaThread "Cache worker for execution history cache (C:\Users\Amaya\.gradle\caches\6.1.1\executionHistory)" [_thread_blocked, id=3596, stack(0x000000001fb90000,0x000000001fc90000)]
  0x000000001bfa8800 JavaThread "Cache worker for file hash cache (C:\Users\Amaya\.gradle\caches\6.1.1\fileHashes)" [_thread_blocked, id=3508, stack(0x000000001e0c0000,0x000000001e1c0000)]
  0x000000001bfa7000 JavaThread "File lock request listener" [_thread_in_native, id=8132, stack(0x000000001dfc0000,0x000000001e0c0000)]
  0x000000001c03e000 JavaThread "Cache worker for journal cache (C:\Users\Amaya\.gradle\caches\journal-1)" [_thread_blocked, id=384, stack(0x000000001dec0000,0x000000001dfc0000)]
  0x000000001bd93800 JavaThread "Daemon periodic checks" [_thread_blocked, id=3600, stack(0x000000001d1c0000,0x000000001d2c0000)]
  0x000000001bd93000 JavaThread "Incoming local TCP Connector on port 7302" [_thread_in_native, id=10640, stack(0x000000001cf80000,0x000000001d080000)]
  0x000000001bd14800 JavaThread "Daemon health stats" [_thread_blocked, id=9916, stack(0x000000001c940000,0x000000001ca40000)]
  0x00000000192e8000 JavaThread "Service Thread" daemon [_thread_blocked, id=11228, stack(0x0000000019fa0000,0x000000001a0a0000)]
  0x00000000192e0000 JavaThread "C1 CompilerThread3" daemon [_thread_blocked, id=8712, stack(0x0000000019ea0000,0x0000000019fa0000)]
  0x00000000192da800 JavaThread "C2 CompilerThread2" daemon [_thread_blocked, id=10464, stack(0x0000000019da0000,0x0000000019ea0000)]
=>0x00000000192d7000 JavaThread "C2 CompilerThread1" daemon [_thread_in_native, id=8960, stack(0x0000000019ca0000,0x0000000019da0000)]
  0x00000000192d3000 JavaThread "C2 CompilerThread0" daemon [_thread_blocked, id=10124, stack(0x0000000019ba0000,0x0000000019ca0000)]
  0x00000000192cf800 JavaThread "Attach Listener" daemon [_thread_blocked, id=9300, stack(0x0000000019aa0000,0x0000000019ba0000)]
  0x00000000174be800 JavaThread "Signal Dispatcher" daemon [_thread_blocked, id=12052, stack(0x00000000199a0000,0x0000000019aa0000)]
  0x00000000174b2000 JavaThread "Finalizer" daemon [_thread_blocked, id=11632, stack(0x00000000197a0000,0x00000000198a0000)]
  0x0000000002437800 JavaThread "Reference Handler" daemon [_thread_blocked, id=8188, stack(0x00000000196a0000,0x00000000197a0000)]
  0x000000000233e800 JavaThread "main" [_thread_blocked, id=4108, stack(0x0000000002200000,0x0000000002300000)]

Other Threads:
  0x00000000174a6800 VMThread [stack: 0x00000000191a0000,0x00000000192a0000] [id=12476]
  0x00000000192e8800 WatcherThread [stack: 0x000000001a0a0000,0x000000001a1a0000] [id=1312]

VM state:not at safepoint (normal execution)

VM Mutex/Monitor currently owned by a thread: None

heap address: 0x0000000080000000, size: 2048 MB, Compressed Oops mode: 32-bit
Narrow klass base: 0x0000000000000000, Narrow klass shift: 3
Compressed class space size: 1073741824 Address: 0x0000000100000000

Heap:
 PSYoungGen      total 383488K, used 63990K [0x00000000d5580000, 0x00000000eff00000, 0x0000000100000000)
  eden space 331264K, 15% used [0x00000000d5580000,0x00000000d8819bc8,0x00000000e9900000)
  from space 52224K, 23% used [0x00000000e9900000,0x00000000ea4e3fa0,0x00000000ecc00000)
  to   space 47104K, 0% used [0x00000000ed100000,0x00000000ed100000,0x00000000eff00000)
 ParOldGen       total 180736K, used 80723K [0x0000000080000000, 0x000000008b080000, 0x00000000d5580000)
  object space 180736K, 44% used [0x0000000080000000,0x0000000084ed4ec8,0x000000008b080000)
 Metaspace       used 95972K, capacity 100244K, committed 100392K, reserved 1136640K
  class space    used 12519K, capacity 13336K, committed 13360K, reserved 1048576K

Card table byte_map: [0x0000000011800000,0x0000000011c10000] byte_map_base: 0x0000000011400000

Marking Bits: (ParMarkBitMap*) 0x0000000075eef030
 Begin Bits: [0x00000000126c0000, 0x00000000146c0000)
 End Bits:   [0x00000000146c0000, 0x00000000166c0000)

Polling page: 0x0000000000570000

CodeCache: size=245760Kb used=52610Kb max_used=52627Kb free=193149Kb
 bounds [0x0000000002440000, 0x00000000057f0000, 0x0000000011440000]
 total_blobs=16295 nmethods=15373 adapters=831
 compilation: enabled

Compilation events (10 events):
Event: 1841.364 Thread 0x00000000192e0000 19082       3       com.sun.tools.javac.jvm.ClassReader$AnnotationDeproxy::deproxyCompound (106 bytes)
Event: 1841.365 Thread 0x00000000192e0000 nmethod 19082 0x00000000057baa90 code [0x00000000057bace0, 0x00000000057bbd78]
Event: 1841.365 Thread 0x00000000192e0000 19077       3       com.sun.tools.javac.code.SymbolMetadata::<init> (38 bytes)
Event: 1841.365 Thread 0x00000000192e0000 nmethod 19077 0x00000000057ba490 code [0x00000000057ba620, 0x00000000057ba970]
Event: 1841.365 Thread 0x00000000192e0000 19080       3       com.sun.tools.javac.util.Pair::<init> (15 bytes)
Event: 1841.365 Thread 0x00000000192e0000 nmethod 19080 0x00000000057ba0d0 code [0x00000000057ba220, 0x00000000057ba3f0]
Event: 1841.365 Thread 0x00000000192e0000 19083       3       com.sun.tools.javac.code.Attribute$Compound::<init> (16 bytes)
Event: 1841.365 Thread 0x00000000192e0000 nmethod 19083 0x00000000057b5490 code [0x00000000057b5600, 0x00000000057b5830]
Event: 1841.365 Thread 0x00000000192e0000 19079       1       com.sun.tools.javac.code.Type$MethodType::getReturnType (5 bytes)
Event: 1841.365 Thread 0x00000000192e0000 nmethod 19079 0x00000000057b51d0 code [0x00000000057b5320, 0x00000000057b5430]

GC Heap History (10 events):
Event: 57.876 GC heap before
{Heap before GC invocations=22 (full 4):
 PSYoungGen      total 286208K, used 19566K [0x00000000d5580000, 0x00000000e9080000, 0x0000000100000000)
  eden space 251904K, 0% used [0x00000000d5580000,0x00000000d5580000,0x00000000e4b80000)
  from space 34304K, 57% used [0x00000000e6f00000,0x00000000e821bbd0,0x00000000e9080000)
  to   space 35328K, 0% used [0x00000000e4b80000,0x00000000e4b80000,0x00000000e6e00000)
 ParOldGen       total 86528K, used 70387K [0x0000000080000000, 0x0000000085480000, 0x00000000d5580000)
  object space 86528K, 81% used [0x0000000080000000,0x00000000844bce10,0x0000000085480000)
 Metaspace       used 77275K, capacity 81538K, committed 81832K, reserved 1120256K
  class space    used 10516K, capacity 11329K, committed 11440K, reserved 1048576K
Event: 57.998 GC heap after
Heap after GC invocations=22 (full 4):
 PSYoungGen      total 286208K, used 0K [0x00000000d5580000, 0x00000000e9080000, 0x0000000100000000)
  eden space 251904K, 0% used [0x00000000d5580000,0x00000000d5580000,0x00000000e4b80000)
  from space 34304K, 0% used [0x00000000e6f00000,0x00000000e6f00000,0x00000000e9080000)
  to   space 35328K, 0% used [0x00000000e4b80000,0x00000000e4b80000,0x00000000e6e00000)
 ParOldGen       total 148480K, used 71439K [0x0000000080000000, 0x0000000089100000, 0x00000000d5580000)
  object space 148480K, 48% used [0x0000000080000000,0x00000000845c3e88,0x0000000089100000)
 Metaspace       used 76882K, capacity 80412K, committed 81832K, reserved 1120256K
  class space    used 10384K, capacity 11096K, committed 11440K, reserved 1048576K
}
Event: 59.474 GC heap before
{Heap before GC invocations=23 (full 4):
 PSYoungGen      total 286208K, used 248071K [0x00000000d5580000, 0x00000000e9080000, 0x0000000100000000)
  eden space 251904K, 98% used [0x00000000d5580000,0x00000000e47c1fd8,0x00000000e4b80000)
  from space 34304K, 0% used [0x00000000e6f00000,0x00000000e6f00000,0x00000000e9080000)
  to   space 35328K, 0% used [0x00000000e4b80000,0x00000000e4b80000,0x00000000e6e00000)
 ParOldGen       total 148480K, used 71439K [0x0000000080000000, 0x0000000089100000, 0x00000000d5580000)
  object space 148480K, 48% used [0x0000000080000000,0x00000000845c3e88,0x0000000089100000)
 Metaspace       used 76964K, capacity 80552K, committed 81832K, reserved 1120256K
  class space    used 10386K, capacity 11096K, committed 11440K, reserved 1048576K
Event: 59.711 GC heap after
Heap after GC invocations=23 (full 4):
 PSYoungGen      total 287232K, used 35324K [0x00000000d5580000, 0x00000000f0500000, 0x0000000100000000)
  eden space 251904K, 0% used [0x00000000d5580000,0x00000000d5580000,0x00000000e4b80000)
  from space 35328K, 99% used [0x00000000e4b80000,0x00000000e6dff198,0x00000000e6e00000)
  to   space 53248K, 0% used [0x00000000ed100000,0x00000000ed100000,0x00000000f0500000)
 ParOldGen       total 148480K, used 105591K [0x0000000080000000, 0x0000000089100000, 0x00000000d5580000)
  object space 148480K, 71% used [0x0000000080000000,0x000000008671df58,0x0000000089100000)
 Metaspace       used 76964K, capacity 80552K, committed 81832K, reserved 1120256K
  class space    used 10386K, capacity 11096K, committed 11440K, reserved 1048576K
}
Event: 1758.283 GC heap before
{Heap before GC invocations=24 (full 4):
 PSYoungGen      total 287232K, used 287228K [0x00000000d5580000, 0x00000000f0500000, 0x0000000100000000)
  eden space 251904K, 100% used [0x00000000d5580000,0x00000000e4b80000,0x00000000e4b80000)
  from space 35328K, 99% used [0x00000000e4b80000,0x00000000e6dff198,0x00000000e6e00000)
  to   space 53248K, 0% used [0x00000000ed100000,0x00000000ed100000,0x00000000f0500000)
 ParOldGen       total 148480K, used 105591K [0x0000000080000000, 0x0000000089100000, 0x00000000d5580000)
  object space 148480K, 71% used [0x0000000080000000,0x000000008671df58,0x0000000089100000)
 Metaspace       used 87127K, capacity 91222K, committed 91560K, reserved 1128448K
  class space    used 11537K, capacity 12363K, committed 12464K, reserved 1048576K
Event: 1761.679 GC heap after
Heap after GC invocations=24 (full 4):
 PSYoungGen      total 378368K, used 27310K [0x00000000d5580000, 0x00000000eff00000, 0x0000000100000000)
  eden space 331264K, 0% used [0x00000000d5580000,0x00000000d5580000,0x00000000e9900000)
  from space 47104K, 57% used [0x00000000ed100000,0x00000000eebabb80,0x00000000eff00000)
  to   space 52224K, 0% used [0x00000000e9900000,0x00000000e9900000,0x00000000ecc00000)
 ParOldGen       total 148480K, used 140791K [0x0000000080000000, 0x0000000089100000, 0x00000000d5580000)
  object space 148480K, 94% used [0x0000000080000000,0x000000008897df58,0x0000000089100000)
 Metaspace       used 87127K, capacity 91222K, committed 91560K, reserved 1128448K
  class space    used 11537K, capacity 12363K, committed 12464K, reserved 1048576K
}
Event: 1761.680 GC heap before
{Heap before GC invocations=25 (full 5):
 PSYoungGen      total 378368K, used 27310K [0x00000000d5580000, 0x00000000eff00000, 0x0000000100000000)
  eden space 331264K, 0% used [0x00000000d5580000,0x00000000d5580000,0x00000000e9900000)
  from space 47104K, 57% used [0x00000000ed100000,0x00000000eebabb80,0x00000000eff00000)
  to   space 52224K, 0% used [0x00000000e9900000,0x00000000e9900000,0x00000000ecc00000)
 ParOldGen       total 148480K, used 140791K [0x0000000080000000, 0x0000000089100000, 0x00000000d5580000)
  object space 148480K, 94% used [0x0000000080000000,0x000000008897df58,0x0000000089100000)
 Metaspace       used 87127K, capacity 91222K, committed 91560K, reserved 1128448K
  class space    used 11537K, capacity 12363K, committed 12464K, reserved 1048576K
Event: 1767.791 GC heap after
Heap after GC invocations=25 (full 5):
 PSYoungGen      total 378368K, used 0K [0x00000000d5580000, 0x00000000eff00000, 0x0000000100000000)
  eden space 331264K, 0% used [0x00000000d5580000,0x00000000d5580000,0x00000000e9900000)
  from space 47104K, 0% used [0x00000000ed100000,0x00000000ed100000,0x00000000eff00000)
  to   space 52224K, 0% used [0x00000000e9900000,0x00000000e9900000,0x00000000ecc00000)
 ParOldGen       total 180736K, used 80715K [0x0000000080000000, 0x000000008b080000, 0x00000000d5580000)
  object space 180736K, 44% used [0x0000000080000000,0x0000000084ed2ec8,0x000000008b080000)
 Metaspace       used 87127K, capacity 91222K, committed 91560K, reserved 1128448K
  class space    used 11537K, capacity 12363K, committed 12464K, reserved 1048576K
}
Event: 1826.063 GC heap before
{Heap before GC invocations=26 (full 5):
 PSYoungGen      total 378368K, used 331264K [0x00000000d5580000, 0x00000000eff00000, 0x0000000100000000)
  eden space 331264K, 100% used [0x00000000d5580000,0x00000000e9900000,0x00000000e9900000)
  from space 47104K, 0% used [0x00000000ed100000,0x00000000ed100000,0x00000000eff00000)
  to   space 52224K, 0% used [0x00000000e9900000,0x00000000e9900000,0x00000000ecc00000)
 ParOldGen       total 180736K, used 80715K [0x0000000080000000, 0x000000008b080000, 0x00000000d5580000)
  object space 180736K, 44% used [0x0000000080000000,0x0000000084ed2ec8,0x000000008b080000)
 Metaspace       used 91967K, capacity 96212K, committed 96424K, reserved 1132544K
  class space    used 12066K, capacity 12888K, committed 12976K, reserved 1048576K
Event: 1826.112 GC heap after
Heap after GC invocations=26 (full 5):
 PSYoungGen      total 383488K, used 12175K [0x00000000d5580000, 0x00000000eff00000, 0x0000000100000000)
  eden space 331264K, 0% used [0x00000000d5580000,0x00000000d5580000,0x00000000e9900000)
  from space 52224K, 23% used [0x00000000e9900000,0x00000000ea4e3fa0,0x00000000ecc00000)
  to   space 47104K, 0% used [0x00000000ed100000,0x00000000ed100000,0x00000000eff00000)
 ParOldGen       total 180736K, used 80723K [0x0000000080000000, 0x000000008b080000, 0x00000000d5580000)
  object space 180736K, 44% used [0x0000000080000000,0x0000000084ed4ec8,0x000000008b080000)
 Metaspace       used 91967K, capacity 96212K, committed 96424K, reserved 1132544K
  class space    used 12066K, capacity 12888K, committed 12976K, reserved 1048576K
}

Deoptimization events (10 events):
Event: 1840.634 Thread 0x00000000210b5800 Uncommon trap: reason=unstable_if action=reinterpret pc=0x00000000056a51bc method=com.sun.tools.javac.jvm.ClassReader.readPool(I)Ljava/lang/Object; @ 21
Event: 1840.789 Thread 0x00000000210b5800 Uncommon trap: reason=unstable_if action=reinterpret pc=0x00000000056dde18 method=com.sun.tools.javac.code.Scope.dble()V @ 39
Event: 1841.113 Thread 0x00000000210b5800 Uncommon trap: reason=unstable_if action=reinterpret pc=0x0000000005731054 method=com.sun.tools.javac.comp.Resolve.findImmediateMemberType(Lcom/sun/tools/javac/comp/Env;Lcom/sun/tools/javac/code/Type;Lcom/sun/tools/javac/util/Name;Lcom/sun/tools/javac/cod
Event: 1841.129 Thread 0x00000000210b5800 Uncommon trap: reason=class_check action=maybe_recompile pc=0x000000000568b3d8 method=com.sun.tools.javac.util.List.prependList(Lcom/sun/tools/javac/util/List;)Lcom/sun/tools/javac/util/List; @ 1
Event: 1841.129 Thread 0x00000000210b5800 Uncommon trap: reason=unstable_if action=reinterpret pc=0x0000000004fd470c method=java.lang.CharacterDataLatin1.isJavaIdentifierPart(I)Z @ 11
Event: 1841.184 Thread 0x00000000210b5800 Uncommon trap: reason=class_check action=maybe_recompile pc=0x000000000568b3d8 method=com.sun.tools.javac.util.List.prependList(Lcom/sun/tools/javac/util/List;)Lcom/sun/tools/javac/util/List; @ 1
Event: 1841.210 Thread 0x00000000210b5800 Uncommon trap: reason=class_check action=maybe_recompile pc=0x000000000568b3d8 method=com.sun.tools.javac.util.List.prependList(Lcom/sun/tools/javac/util/List;)Lcom/sun/tools/javac/util/List; @ 1
Event: 1841.245 Thread 0x00000000210b5800 Uncommon trap: reason=unstable_if action=reinterpret pc=0x000000000570e7c4 method=com.sun.tools.javac.code.Scope.lookup(Lcom/sun/tools/javac/util/Name;Lcom/sun/tools/javac/util/Filter;)Lcom/sun/tools/javac/code/Scope$Entry; @ 19
Event: 1841.249 Thread 0x00000000210b5800 Uncommon trap: reason=unstable_if action=reinterpret pc=0x000000000568c50c method=com.sun.tools.javac.jvm.ClassReader.classSigToType()Lcom/sun/tools/javac/code/Type; @ 148
Event: 1841.322 Thread 0x00000000210b5800 Uncommon trap: reason=unstable_if action=reinterpret pc=0x0000000005040a9c method=com.sun.tools.javac.code.Symbol$ClassSymbol.members()Lcom/sun/tools/javac/code/Scope; @ 4

Classes redefined (0 events):
No events

Internal exceptions (10 events):
Event: 1814.545 Thread 0x000000001bfad000 Exception <a 'sun/nio/fs/WindowsException'> (0x00000000e2891f48) thrown at [C:\src\AOSP-openjdk-git\hotspot\src\share\vm\prims\jni.cpp, line 710]
Event: 1816.815 Thread 0x00000000210b5800 Exception <a 'sun/nio/fs/WindowsException'> (0x00000000e616aba8) thrown at [C:\src\AOSP-openjdk-git\hotspot\src\share\vm\prims\jni.cpp, line 710]
Event: 1816.815 Thread 0x00000000210b5800 Exception <a 'sun/nio/fs/WindowsException'> (0x00000000e616b818) thrown at [C:\src\AOSP-openjdk-git\hotspot\src\share\vm\prims\jni.cpp, line 710]
Event: 1816.815 Thread 0x00000000210b5800 Exception <a 'sun/nio/fs/WindowsException'> (0x00000000e616c4f8) thrown at [C:\src\AOSP-openjdk-git\hotspot\src\share\vm\prims\jni.cpp, line 710]
Event: 1816.816 Thread 0x00000000210b5800 Exception <a 'sun/nio/fs/WindowsException'> (0x00000000e6172770) thrown at [C:\src\AOSP-openjdk-git\hotspot\src\share\vm\prims\jni.cpp, line 710]
Event: 1816.816 Thread 0x00000000210b5800 Exception <a 'sun/nio/fs/WindowsException'> (0x00000000e6173428) thrown at [C:\src\AOSP-openjdk-git\hotspot\src\share\vm\prims\jni.cpp, line 710]
Event: 1816.816 Thread 0x00000000210b5800 Exception <a 'sun/nio/fs/WindowsException'> (0x00000000e6174150) thrown at [C:\src\AOSP-openjdk-git\hotspot\src\share\vm\prims\jni.cpp, line 710]
Event: 1816.816 Thread 0x00000000210b5800 Exception <a 'sun/nio/fs/WindowsException'> (0x00000000e6175f38) thrown at [C:\src\AOSP-openjdk-git\hotspot\src\share\vm\prims\jni.cpp, line 710]
Event: 1816.816 Thread 0x00000000210b5800 Exception <a 'sun/nio/fs/WindowsException'> (0x00000000e6176c00) thrown at [C:\src\AOSP-openjdk-git\hotspot\src\share\vm\prims\jni.cpp, line 710]
Event: 1816.816 Thread 0x00000000210b5800 Exception <a 'sun/nio/fs/WindowsException'> (0x00000000e6177938) thrown at [C:\src\AOSP-openjdk-git\hotspot\src\share\vm\prims\jni.cpp, line 710]

Events (10 events):
Event: 1841.249 Thread 0x00000000210b5800 Uncommon trap: trap_request=0xffffff65 fr.pc=0x000000000568c50c
Event: 1841.249 Thread 0x00000000210b5800 DEOPT PACKING pc=0x000000000568c50c sp=0x000000002fd585a0
Event: 1841.249 Thread 0x00000000210b5800 DEOPT UNPACKING pc=0x000000000248557b sp=0x000000002fd58538 mode 2
Event: 1841.322 Thread 0x00000000210b5800 Uncommon trap: trap_request=0xffffff65 fr.pc=0x0000000005040a9c
Event: 1841.322 Thread 0x00000000210b5800 DEOPT PACKING pc=0x0000000005040a9c sp=0x000000002fd5a580
Event: 1841.352 Thread 0x00000000210b5800 DEOPT UNPACKING pc=0x000000000248557b sp=0x000000002fd5a528 mode 2
Event: 1841.361 loading class com/sun/tools/javac/code/Types$27
Event: 1841.361 loading class com/sun/tools/javac/code/Types$27 done
Event: 1841.363 loading class com/sun/tools/javac/jvm/ClassReader$AnnotationDefaultCompleter
Event: 1841.363 loading class com/sun/tools/javac/jvm/ClassReader$AnnotationDefaultCompleter done


Dynamic libraries:
0x00007ff7656d0000 - 0x00007ff765701000 	C:\Program Files\Android\Android Studio\jre\bin\java.exe
0x00007ff9aa0f0000 - 0x00007ff9aa2dd000 	C:\Windows\SYSTEM32\ntdll.dll
0x00007ff9a7470000 - 0x00007ff9a7523000 	C:\Windows\System32\KERNEL32.DLL
0x00007ff9a6c30000 - 0x00007ff9a6ec3000 	C:\Windows\System32\KERNELBASE.dll
0x00007ff9a73c0000 - 0x00007ff9a7463000 	C:\Windows\System32\ADVAPI32.dll
0x00007ff9a8b20000 - 0x00007ff9a8bbe000 	C:\Windows\System32\msvcrt.dll
0x00007ff9a7320000 - 0x00007ff9a73be000 	C:\Windows\System32\sechost.dll
0x00007ff9a7fe0000 - 0x00007ff9a8102000 	C:\Windows\System32\RPCRT4.dll
0x00007ff9a8720000 - 0x00007ff9a88b7000 	C:\Windows\System32\USER32.dll
0x00007ff9a7300000 - 0x00007ff9a7320000 	C:\Windows\System32\win32u.dll
0x00007ff9a88c0000 - 0x00007ff9a88e9000 	C:\Windows\System32\GDI32.dll
0x00007ff9a6ed0000 - 0x00007ff9a7069000 	C:\Windows\System32\gdi32full.dll
0x00007ff9a6940000 - 0x00007ff9a69e0000 	C:\Windows\System32\msvcp_win.dll
0x00007ff9a6ab0000 - 0x00007ff9a6baa000 	C:\Windows\System32\ucrtbase.dll
0x00007ff994170000 - 0x00007ff9943e9000 	C:\Windows\WinSxS\amd64_microsoft.windows.common-controls_6595b64144ccf1df_6.0.17763.615_none_05b4414a072024d4\COMCTL32.dll
0x00007ff9a7590000 - 0x00007ff9a78bc000 	C:\Windows\System32\combase.dll
0x00007ff9a6bb0000 - 0x00007ff9a6c2e000 	C:\Windows\System32\bcryptPrimitives.dll
0x00007ff9a7fb0000 - 0x00007ff9a7fde000 	C:\Windows\System32\IMM32.DLL
0x0000000075640000 - 0x0000000075712000 	C:\Program Files\Android\Android Studio\jre\jre\bin\msvcr100.dll
0x0000000075720000 - 0x0000000075f6b000 	C:\Program Files\Android\Android Studio\jre\jre\bin\server\jvm.dll
0x00007ff9aa0b0000 - 0x00007ff9aa0b8000 	C:\Windows\System32\PSAPI.DLL
0x00007ff992250000 - 0x00007ff992259000 	C:\Windows\SYSTEM32\WSOCK32.dll
0x00007ff99f720000 - 0x00007ff99f72a000 	C:\Windows\SYSTEM32\VERSION.dll
0x00007ff9a2eb0000 - 0x00007ff9a2ed4000 	C:\Windows\SYSTEM32\WINMM.dll
0x00007ff9a2e80000 - 0x00007ff9a2ead000 	C:\Windows\SYSTEM32\winmmbase.dll
0x00007ff9a69e0000 - 0x00007ff9a6a2a000 	C:\Windows\System32\cfgmgr32.dll
0x00007ff9a8910000 - 0x00007ff9a897d000 	C:\Windows\System32\WS2_32.dll
0x00007ff9a2f70000 - 0x00007ff9a2f7f000 	C:\Program Files\Android\Android Studio\jre\jre\bin\verify.dll
0x00007ff9968a0000 - 0x00007ff9968c9000 	C:\Program Files\Android\Android Studio\jre\jre\bin\java.dll
0x00007ff997130000 - 0x00007ff997146000 	C:\Program Files\Android\Android Studio\jre\jre\bin\zip.dll
0x00007ff9a8bc0000 - 0x00007ff9aa0b0000 	C:\Windows\System32\SHELL32.dll
0x00007ff9a81f0000 - 0x00007ff9a8298000 	C:\Windows\System32\shcore.dll
0x00007ff9a61c0000 - 0x00007ff9a690a000 	C:\Windows\System32\windows.storage.dll
0x00007ff9a6190000 - 0x00007ff9a61b4000 	C:\Windows\System32\profapi.dll
0x00007ff9a6110000 - 0x00007ff9a616d000 	C:\Windows\System32\powrprof.dll
0x00007ff9a7d60000 - 0x00007ff9a7db2000 	C:\Windows\System32\shlwapi.dll
0x00007ff9a60f0000 - 0x00007ff9a6101000 	C:\Windows\System32\kernel.appcore.dll
0x00007ff9a6a30000 - 0x00007ff9a6a47000 	C:\Windows\System32\cryptsp.dll
0x00007ff996ae0000 - 0x00007ff996afa000 	C:\Program Files\Android\Android Studio\jre\jre\bin\net.dll
0x00007ff9a5960000 - 0x00007ff9a59c7000 	C:\Windows\system32\mswsock.dll
0x00007ff996880000 - 0x00007ff996893000 	C:\Program Files\Android\Android Studio\jre\jre\bin\nio.dll
0x00007ff975560000 - 0x00007ff975586000 	C:\Users\Amaya\.gradle\native\31\windows-amd64\native-platform.dll
0x00007ff999240000 - 0x00007ff99924d000 	C:\Program Files\Android\Android Studio\jre\jre\bin\management.dll
0x00007ff9a5520000 - 0x00007ff9a5553000 	C:\Windows\system32\rsaenh.dll
0x00007ff9a6910000 - 0x00007ff9a6936000 	C:\Windows\System32\bcrypt.dll
0x00007ff9a5ff0000 - 0x00007ff9a6018000 	C:\Windows\SYSTEM32\USERENV.dll
0x00007ff9a5b30000 - 0x00007ff9a5b3c000 	C:\Windows\SYSTEM32\CRYPTBASE.dll
0x00007ff9a56c0000 - 0x00007ff9a56fd000 	C:\Windows\SYSTEM32\IPHLPAPI.DLL
0x00007ff9a8a00000 - 0x00007ff9a8a08000 	C:\Windows\System32\NSI.dll
0x00007ff99f4c0000 - 0x00007ff99f4d6000 	C:\Windows\SYSTEM32\dhcpcsvc6.DLL
0x00007ff99f4a0000 - 0x00007ff99f4bc000 	C:\Windows\SYSTEM32\dhcpcsvc.DLL
0x00007ff9a5710000 - 0x00007ff9a57d6000 	C:\Windows\SYSTEM32\DNSAPI.dll
0x00007ff978ae0000 - 0x00007ff978b04000 	C:\Program Files\Android\Android Studio\jre\jre\bin\sunec.dll
0x00007ff9a1ee0000 - 0x00007ff9a1eea000 	C:\Windows\System32\rasadhlp.dll
0x00007ff995010000 - 0x00007ff995089000 	C:\Windows\System32\fwpuclnt.dll
0x00007ff999200000 - 0x00007ff99920b000 	C:\Program Files\Android\Android Studio\jre\jre\bin\sunmscapi.dll
0x00007ff9a7120000 - 0x00007ff9a72fb000 	C:\Windows\System32\CRYPT32.dll
0x00007ff9a6170000 - 0x00007ff9a6182000 	C:\Windows\System32\MSASN1.dll

VM Arguments:
jvm_args: -Xmx2048m -Dfile.encoding=windows-1252 -Duser.country=US -Duser.language=en -Duser.variant 
java_command: org.gradle.launcher.daemon.bootstrap.GradleDaemon 6.1.1
java_class_path (initial): C:\Users\Amaya\.gradle\wrapper\dists\gradle-6.1.1-all\cfmwm155h49vnt3hynmlrsdst\gradle-6.1.1\lib\gradle-launcher-6.1.1.jar
Launcher Type: SUN_STANDARD

Environment Variables:
JAVA_HOME=C:\Program Files\Java\jdk-13.0.2
PATH=C:\Program Files\Microsoft MPI\Bin\;C:\Windows\system32;C:\Windows;C:\Windows\System32\Wbem;C:\Windows\System32\WindowsPowerShell\v1.0\;C:\Windows\System32\OpenSSH\;C:\Program Files\Microsoft SQL Server\Client SDK\ODBC\130\Tools\Binn\;C:\Program Files (x86)\Microsoft SQL Server\140\Tools\Binn\;C:\Program Files\Microsoft SQL Server\140\Tools\Binn\;C:\Program Files\Microsoft SQL Server\140\DTS\Binn\;C:\Program Files\Microsoft SQL Server\Client SDK\ODBC\170\Tools\Binn\;C:\Program Files (x86)\Microsoft SQL Server\150\Tools\Binn\;C:\Program Files\Microsoft SQL Server\150\Tools\Binn\;C:\Program Files\Microsoft SQL Server\150\DTS\Binn\;C:\Program Files (x86)\Microsoft SQL Server\150\DTS\Binn\;C:\Program Files\Java\jdk-13.0.2\bin;C:\Program Files\nodejs\;C:\Program Files\Git\cmd;C:\Program Files\Git\mingw64\bin;C:\Program Files\Git\usr\bin;C:\Users\Amaya\AppData\Local\Microsoft\WindowsApps;C:\Users\Amaya\AppData\Roaming\npm;C:\Users\Amaya\AppData\Local\Programs\Microsoft VS Code\bin
USERNAME=Amaya
OS=Windows_NT
PROCESSOR_IDENTIFIER=Intel64 Family 6 Model 142 Stepping 10, GenuineIntel



---------------  S Y S T E M  ---------------

OS: Windows 10.0 , 64 bit Build 17763 (10.0.17763.475)

CPU:total 8 (initial active 8) (4 cores per cpu, 2 threads per core) family 6 model 142 stepping 10, cmov, cx8, fxsr, mmx, sse, sse2, sse3, ssse3, sse4.1, sse4.2, popcnt, avx, avx2, aes, clmul, erms, 3dnowpref, lzcnt, ht, tsc, tscinvbit, bmi1, bmi2, adx

Memory: 4k page, physical 4056112k(297860k free), swap 7201840k(5008k free)

vm_info: OpenJDK 64-Bit Server VM (25.242-b01) for windows-amd64 JRE (1.8.0_242-release-1644-b01), built by "builder" with MS VC++ 10.0 (VS2010)

time: Sun Sep 27 22:41:51 2020
timezone: Sri Lanka Standard Time
elapsed time: 1841 seconds (0d 0h 30m 41s)

