#
# There is insufficient memory for the Java Runtime Environment to continue.
# Native memory allocation (malloc) failed to allocate 32744 bytes for ChunkPool::allocate
# Possible reasons:
#   The system is out of physical RAM or swap space
#   The process is running with CompressedOops enabled, and the Java Heap may be blocking the growth of the native heap
# Possible solutions:
#   Reduce memory load on the system
#   Increase physical memory or swap space
#   Check if swap backing store is full
#   Decrease Java heap size (-Xmx/-Xms)
#   Decrease number of Java threads
#   Decrease Java thread stack sizes (-Xss)
#   Set larger code cache with -XX:ReservedCodeCacheSize=
#   JVM is running with Unscaled Compressed Oops mode in which the Java heap is
#     placed in the first 4GB address space. The Java Heap base address is the
#     maximum limit for the native heap growth. Please use -XX:HeapBaseMinAddress
#     to set the Java Heap base and to place the Java Heap above 4GB virtual address.
# This output file may be truncated or incomplete.
#
#  Out of Memory Error (allocation.cpp:272), pid=2512, tid=0x0000000000002798
#
# JRE version: OpenJDK Runtime Environment (8.0_242-b01) (build 1.8.0_242-release-1644-b01)
# Java VM: OpenJDK 64-Bit Server VM (25.242-b01 mixed mode windows-amd64 compressed oops)
# Failed to write core dump. Minidumps are not enabled by default on client versions of Windows
#

---------------  T H R E A D  ---------------

Current thread (0x00000000194b7800):  JavaThread "C2 CompilerThread2" daemon [_thread_in_native, id=10136, stack(0x0000000019f80000,0x000000001a080000)]

Stack: [0x0000000019f80000,0x000000001a080000]
[error occurred during error reporting (printing stack bounds), id 0xc0000005]

Native frames: (J=compiled Java code, j=interpreted, Vv=VM code, C=native code)


Current CompileTask:
C2:4290256 22929       4       com.android.tools.r8.ir.optimize.I::a (282 bytes)


---------------  P R O C E S S  ---------------

Java Threads: ( => current thread )
  0x000000001b11d800 JavaThread "WorkerExecutor Queue Thread 4" [_thread_blocked, id=12676, stack(0x0000000034f10000,0x0000000035010000)]
  0x000000001b119800 JavaThread "Cache worker for Java compile cache (C:\Users\Amaya\AndroidStudioProjects\Digital-Health\.gradle\6.1.1\javaCompile)" [_thread_blocked, id=2636, stack(0x0000000034e10000,0x0000000034f10000)]
  0x000000001b118000 JavaThread "Cache worker for Java compile cache (C:\Users\Amaya\.gradle\caches\6.1.1\javaCompile)" [_thread_blocked, id=1420, stack(0x0000000034d10000,0x0000000034e10000)]
  0x000000001b115800 JavaThread "WorkerExecutor Queue Thread 3" [_thread_in_native, id=13228, stack(0x0000000034c10000,0x0000000034d10000)]
  0x000000001b10f800 JavaThread "stdout" [_thread_in_native, id=10720, stack(0x0000000034a10000,0x0000000034b10000)]
  0x000000001b112800 JavaThread "stderr" [_thread_in_native, id=10656, stack(0x0000000034910000,0x0000000034a10000)]
  0x000000001b110800 JavaThread "pool-13-thread-1" [_thread_blocked, id=12900, stack(0x0000000034810000,0x0000000034910000)]
  0x000000001b112000 JavaThread "WorkerExecutor Queue" [_thread_blocked, id=8676, stack(0x0000000034710000,0x0000000034810000)]
  0x000000001ad31800 JavaThread "Cache worker for execution history cache (C:\Users\Amaya\AndroidStudioProjects\Digital-Health\.gradle\6.1.1\executionHistory)" [_thread_blocked, id=10180, stack(0x0000000034610000,0x0000000034710000)]
  0x000000001ad35000 JavaThread "Execution worker for ':' Thread 7" [_thread_blocked, id=12268, stack(0x0000000034510000,0x0000000034610000)]
  0x000000001ad33800 JavaThread "Execution worker for ':' Thread 6" [_thread_in_Java, id=6388, stack(0x0000000034410000,0x0000000034510000)]
  0x000000001ad30800 JavaThread "Execution worker for ':' Thread 5" [_thread_in_native, id=13156, stack(0x0000000034310000,0x0000000034410000)]
  0x000000001ad2b800 JavaThread "Execution worker for ':' Thread 4" [_thread_in_Java, id=13112, stack(0x0000000034210000,0x0000000034310000)]
  0x000000001ad30000 JavaThread "Execution worker for ':' Thread 3" [_thread_in_Java, id=13828, stack(0x0000000034110000,0x0000000034210000)]
  0x000000001ad2f000 JavaThread "Execution worker for ':' Thread 2" [_thread_blocked, id=13344, stack(0x0000000034010000,0x0000000034110000)]
  0x000000001ad2a800 JavaThread "Execution worker for ':'" [_thread_blocked, id=7572, stack(0x0000000033f10000,0x0000000034010000)]
  0x000000001ad2e800 JavaThread "Cache worker for file content cache (C:\Users\Amaya\AndroidStudioProjects\Digital-Health\.gradle\6.1.1\fileContent)" [_thread_blocked, id=13320, stack(0x0000000033e10000,0x0000000033f10000)]
  0x000000001ad2a000 JavaThread "Cache worker for Build Output Cleanup Cache (C:\Users\Amaya\AndroidStudioProjects\Digital-Health\.gradle\buildOutputCleanup)" [_thread_blocked, id=7960, stack(0x0000000033d10000,0x0000000033e10000)]
  0x000000001ad26000 JavaThread "Build operations Thread 8" [_thread_blocked, id=7144, stack(0x0000000033c10000,0x0000000033d10000)]
  0x000000001ad29000 JavaThread "Build operations Thread 7" [_thread_blocked, id=12200, stack(0x0000000033b10000,0x0000000033c10000)]
  0x000000001ad2d000 JavaThread "Build operations Thread 6" [_thread_blocked, id=11396, stack(0x0000000033a10000,0x0000000033b10000)]
  0x000000001ad2c000 JavaThread "Build operations Thread 5" [_thread_blocked, id=12568, stack(0x0000000033910000,0x0000000033a10000)]
  0x000000001ad28000 JavaThread "Build operations Thread 4" [_thread_blocked, id=11332, stack(0x0000000033810000,0x0000000033910000)]
  0x000000001ad27800 JavaThread "Build operations Thread 3" [_thread_blocked, id=11188, stack(0x0000000033710000,0x0000000033810000)]
  0x0000000021653000 JavaThread "Build operations Thread 2" [_thread_blocked, id=9660, stack(0x0000000033610000,0x0000000033710000)]
  0x0000000021652000 JavaThread "Build operations" [_thread_blocked, id=13764, stack(0x0000000033510000,0x0000000033610000)]
  0x0000000021650800 JavaThread "Cache worker for cache directory md-rule (C:\Users\Amaya\.gradle\caches\6.1.1\md-rule)" [_thread_blocked, id=14228, stack(0x0000000033410000,0x0000000033510000)]
  0x0000000021656800 JavaThread "Cache worker for cache directory md-supplier (C:\Users\Amaya\.gradle\caches\6.1.1\md-supplier)" [_thread_blocked, id=14084, stack(0x0000000033310000,0x0000000033410000)]
  0x000000002164e800 JavaThread "Cache worker for file hash cache (C:\Users\Amaya\AndroidStudioProjects\Digital-Health\.gradle\6.1.1\fileHashes)" [_thread_blocked, id=7728, stack(0x0000000033210000,0x0000000033310000)]
  0x000000002164d000 JavaThread "Cache worker for checksums cache (C:\Users\Amaya\AndroidStudioProjects\Digital-Health\.gradle\checksums)" [_thread_blocked, id=3516, stack(0x0000000033110000,0x0000000033210000)]
  0x0000000021653800 JavaThread "Thread-155" [_thread_blocked, id=10596, stack(0x0000000033010000,0x0000000033110000)]
  0x0000000021651800 JavaThread "Stdin handler" [_thread_blocked, id=13728, stack(0x0000000032f10000,0x0000000033010000)]
  0x0000000021649000 JavaThread "Asynchronous log dispatcher for DefaultDaemonConnection: socket connection from /127.0.0.1:7439 to /127.0.0.1:8020" [_thread_blocked, id=2132, stack(0x0000000032e10000,0x0000000032f10000)]
  0x000000002164f000 JavaThread "Daemon worker Thread 6" [_thread_in_vm, id=13452, stack(0x0000000032d10000,0x0000000032e10000)]
  0x000000002164d800 JavaThread "Cancel handler" [_thread_blocked, id=880, stack(0x0000000032c10000,0x0000000032d10000)]
  0x0000000021650000 JavaThread "Handler for socket connection from /127.0.0.1:7439 to /127.0.0.1:8020" [_thread_in_native, id=10988, stack(0x0000000032b10000,0x0000000032c10000)]
  0x000000002164b800 JavaThread "Daemon Thread 6" [_thread_blocked, id=11744, stack(0x0000000032a10000,0x0000000032b10000)]
  0x000000001b551800 JavaThread "Cache worker for file content cache (C:\Users\Amaya\.gradle\caches\6.1.1\fileContent)" [_thread_blocked, id=9348, stack(0x000000002a610000,0x000000002a710000)]
  0x000000001b550800 JavaThread "Memory manager" [_thread_blocked, id=9064, stack(0x000000002a510000,0x000000002a610000)]
  0x000000001bf0a000 JavaThread "Cache worker for execution history cache (C:\Users\Amaya\.gradle\caches\6.1.1\executionHistory)" [_thread_blocked, id=2588, stack(0x0000000021f70000,0x0000000022070000)]
  0x000000001bf10000 JavaThread "Cache worker for file hash cache (C:\Users\Amaya\.gradle\caches\6.1.1\fileHashes)" [_thread_blocked, id=12672, stack(0x000000001e2a0000,0x000000001e3a0000)]
  0x000000001bf0e800 JavaThread "File lock request listener" [_thread_in_native, id=340, stack(0x000000001e1a0000,0x000000001e2a0000)]
  0x000000001bee6800 JavaThread "Cache worker for journal cache (C:\Users\Amaya\.gradle\caches\journal-1)" [_thread_blocked, id=13872, stack(0x000000001e0a0000,0x000000001e1a0000)]
  0x000000001be16800 JavaThread "Daemon periodic checks" [_thread_blocked, id=4852, stack(0x000000001d3a0000,0x000000001d4a0000)]
  0x000000001bda7000 JavaThread "Incoming local TCP Connector on port 7439" [_thread_in_native, id=9752, stack(0x000000001d160000,0x000000001d260000)]
  0x000000001bd5d000 JavaThread "Daemon health stats" [_thread_blocked, id=8976, stack(0x000000001cb20000,0x000000001cc20000)]
  0x000000001954b000 JavaThread "Service Thread" daemon [_thread_blocked, id=4980, stack(0x000000001a180000,0x000000001a280000)]
  0x00000000194bf800 JavaThread "C1 CompilerThread3" daemon [_thread_in_native, id=5688, stack(0x000000001a080000,0x000000001a180000)]
=>0x00000000194b7800 JavaThread "C2 CompilerThread2" daemon [_thread_in_native, id=10136, stack(0x0000000019f80000,0x000000001a080000)]
  0x00000000194b6000 JavaThread "C2 CompilerThread1" daemon [_thread_in_native, id=2432, stack(0x0000000019e80000,0x0000000019f80000)]
  0x00000000194b3000 JavaThread "C2 CompilerThread0" daemon [_thread_in_native, id=12024, stack(0x0000000019d80000,0x0000000019e80000)]
  0x00000000194b0000 JavaThread "Attach Listener" daemon [_thread_blocked, id=7504, stack(0x0000000019c80000,0x0000000019d80000)]
  0x00000000194af000 JavaThread "Signal Dispatcher" daemon [_thread_blocked, id=8620, stack(0x0000000019b80000,0x0000000019c80000)]
  0x00000000194a0800 JavaThread "Finalizer" daemon [_thread_blocked, id=13704, stack(0x0000000019980000,0x0000000019a80000)]
  0x0000000002636800 JavaThread "Reference Handler" daemon [_thread_blocked, id=6840, stack(0x0000000019880000,0x0000000019980000)]
  0x0000000002542800 JavaThread "main" [_thread_blocked, id=12208, stack(0x0000000002340000,0x0000000002440000)]

Other Threads:
  0x00000000176a5800 VMThread [stack: 0x0000000019380000,0x0000000019480000] [id=1968]
  0x000000001954b800 WatcherThread [stack: 0x000000001a280000,0x000000001a380000] [id=6372]

VM state:not at safepoint (normal execution)

VM Mutex/Monitor currently owned by a thread: None

heap address: 0x0000000080000000, size: 2048 MB, Compressed Oops mode: 32-bit
Narrow klass base: 0x0000000000000000, Narrow klass shift: 3
Compressed class space size: 1073741824 Address: 0x0000000100000000

Heap:
 PSYoungGen      total 445952K, used 349774K [0x00000000d5580000, 0x00000000f4280000, 0x0000000100000000)
  eden space 395264K, 78% used [0x00000000d5580000,0x00000000e82ffcc0,0x00000000ed780000)
  from space 50688K, 80% used [0x00000000f0f00000,0x00000000f3713e08,0x00000000f4080000)
  to   space 54784K, 0% used [0x00000000ed780000,0x00000000ed780000,0x00000000f0d00000)
 ParOldGen       total 151040K, used 101147K [0x0000000080000000, 0x0000000089380000, 0x00000000d5580000)
  object space 151040K, 66% used [0x0000000080000000,0x00000000862c6dc8,0x0000000089380000)
 Metaspace       used 114154K, capacity 120844K, committed 121176K, reserved 1155072K
  class space    used 14840K, capacity 16109K, committed 16216K, reserved 1048576K

Card table byte_map: [0x0000000011a00000,0x0000000011e10000] byte_map_base: 0x0000000011600000

Marking Bits: (ParMarkBitMap*) 0x000000006021f030
 Begin Bits: [0x00000000128c0000, 0x00000000148c0000)
 End Bits:   [0x00000000148c0000, 0x00000000168c0000)

Polling page: 0x0000000000a30000

CodeCache: size=245760Kb used=64756Kb max_used=64756Kb free=181003Kb
 bounds [0x0000000002640000, 0x00000000065d0000, 0x0000000011640000]
 total_blobs=19282 nmethods=18341 adapters=852
 compilation: enabled

Compilation events (10 events):
Event: 4290.010 Thread 0x00000000194bf800 nmethod 23089 0x0000000006553e50 code [0x0000000006553fa0, 0x0000000006554090]
Event: 4290.010 Thread 0x00000000194bf800 23146       1       com.android.tools.r8.u.b.a1::o2 (2 bytes)
Event: 4290.010 Thread 0x00000000194bf800 nmethod 23146 0x0000000006554110 code [0x0000000006554260, 0x0000000006554370]
Event: 4290.010 Thread 0x00000000194bf800 23144       1       com.android.tools.r8.u.b.i::z2 (4 bytes)
Event: 4290.010 Thread 0x00000000194bf800 nmethod 23144 0x00000000065543d0 code [0x0000000006554520, 0x0000000006554630]
Event: 4290.010 Thread 0x00000000194bf800 23189       2       com.android.tools.r8.ir.regalloc.a::a (952 bytes)
Event: 4290.024 Thread 0x00000000194bf800 nmethod 23189 0x0000000006554690 code [0x0000000006554d40, 0x0000000006557348]
Event: 4290.024 Thread 0x00000000194bf800 23191 %     3       com.android.tools.r8.ir.regalloc.a::a @ 2048 (3993 bytes)
Event: 4290.102 Thread 0x00000000194bf800 nmethod 23191% 0x000000000655a710 code [0x000000000655c760, 0x00000000065733a8]
Event: 4290.102 Thread 0x00000000194bf800 23228       2       java.lang.String::<init> (10 bytes)

GC Heap History (10 events):
Event: 3733.663 GC heap before
{Heap before GC invocations=20 (full 4):
 PSYoungGen      total 292352K, used 277307K [0x00000000d5580000, 0x00000000ec280000, 0x0000000100000000)
  eden space 253952K, 100% used [0x00000000d5580000,0x00000000e4d80000,0x00000000e4d80000)
  from space 38400K, 60% used [0x00000000e4d80000,0x00000000e644ece0,0x00000000e7300000)
  to   space 39424K, 0% used [0x00000000e9c00000,0x00000000e9c00000,0x00000000ec280000)
 ParOldGen       total 151040K, used 63678K [0x0000000080000000, 0x0000000089380000, 0x00000000d5580000)
  object space 151040K, 42% used [0x0000000080000000,0x0000000083e2f9a8,0x0000000089380000)
 Metaspace       used 96085K, capacity 100162K, committed 101208K, reserved 1136640K
  class space    used 12342K, capacity 13167K, committed 13400K, reserved 1048576K
Event: 3733.782 GC heap after
Heap after GC invocations=20 (full 4):
 PSYoungGen      total 326656K, used 37928K [0x00000000d5580000, 0x00000000ec600000, 0x0000000100000000)
  eden space 287232K, 0% used [0x00000000d5580000,0x00000000d5580000,0x00000000e6e00000)
  from space 39424K, 96% used [0x00000000e9c00000,0x00000000ec10a170,0x00000000ec280000)
  to   space 45056K, 0% used [0x00000000e6e00000,0x00000000e6e00000,0x00000000e9a00000)
 ParOldGen       total 151040K, used 63686K [0x0000000080000000, 0x0000000089380000, 0x00000000d5580000)
  object space 151040K, 42% used [0x0000000080000000,0x0000000083e319a8,0x0000000089380000)
 Metaspace       used 96085K, capacity 100162K, committed 101208K, reserved 1136640K
  class space    used 12342K, capacity 13167K, committed 13400K, reserved 1048576K
}
Event: 3829.081 GC heap before
{Heap before GC invocations=21 (full 4):
 PSYoungGen      total 326656K, used 325160K [0x00000000d5580000, 0x00000000ec600000, 0x0000000100000000)
  eden space 287232K, 100% used [0x00000000d5580000,0x00000000e6e00000,0x00000000e6e00000)
  from space 39424K, 96% used [0x00000000e9c00000,0x00000000ec10a170,0x00000000ec280000)
  to   space 45056K, 0% used [0x00000000e6e00000,0x00000000e6e00000,0x00000000e9a00000)
 ParOldGen       total 151040K, used 63686K [0x0000000080000000, 0x0000000089380000, 0x00000000d5580000)
  object space 151040K, 42% used [0x0000000080000000,0x0000000083e319a8,0x0000000089380000)
 Metaspace       used 97578K, capacity 101974K, committed 102488K, reserved 1138688K
  class space    used 12516K, capacity 13440K, committed 13656K, reserved 1048576K
Event: 3830.513 GC heap after
Heap after GC invocations=21 (full 4):
 PSYoungGen      total 332288K, used 45039K [0x00000000d5580000, 0x00000000eff80000, 0x0000000100000000)
  eden space 287232K, 0% used [0x00000000d5580000,0x00000000d5580000,0x00000000e6e00000)
  from space 45056K, 99% used [0x00000000e6e00000,0x00000000e99fbc80,0x00000000e9a00000)
  to   space 52736K, 0% used [0x00000000ecc00000,0x00000000ecc00000,0x00000000eff80000)
 ParOldGen       total 151040K, used 65086K [0x0000000080000000, 0x0000000089380000, 0x00000000d5580000)
  object space 151040K, 43% used [0x0000000080000000,0x0000000083f8fbe8,0x0000000089380000)
 Metaspace       used 97578K, capacity 101974K, committed 102488K, reserved 1138688K
  class space    used 12516K, capacity 13440K, committed 13656K, reserved 1048576K
}
Event: 4255.409 GC heap before
{Heap before GC invocations=22 (full 4):
 PSYoungGen      total 332288K, used 332271K [0x00000000d5580000, 0x00000000eff80000, 0x0000000100000000)
  eden space 287232K, 100% used [0x00000000d5580000,0x00000000e6e00000,0x00000000e6e00000)
  from space 45056K, 99% used [0x00000000e6e00000,0x00000000e99fbc80,0x00000000e9a00000)
  to   space 52736K, 0% used [0x00000000ecc00000,0x00000000ecc00000,0x00000000eff80000)
 ParOldGen       total 151040K, used 65086K [0x0000000080000000, 0x0000000089380000, 0x00000000d5580000)
  object space 151040K, 43% used [0x0000000080000000,0x0000000083f8fbe8,0x0000000089380000)
 Metaspace       used 97982K, capacity 102568K, committed 103000K, reserved 1138688K
  class space    used 12552K, capacity 13495K, committed 13656K, reserved 1048576K
Event: 4255.874 GC heap after
Heap after GC invocations=22 (full 4):
 PSYoungGen      total 368128K, used 25990K [0x00000000d5580000, 0x00000000ef680000, 0x0000000100000000)
  eden space 324608K, 0% used [0x00000000d5580000,0x00000000d5580000,0x00000000e9280000)
  from space 43520K, 59% used [0x00000000ecc00000,0x00000000ee561be0,0x00000000ef680000)
  to   space 51200K, 0% used [0x00000000e9280000,0x00000000e9280000,0x00000000ec480000)
 ParOldGen       total 151040K, used 83094K [0x0000000080000000, 0x0000000089380000, 0x00000000d5580000)
  object space 151040K, 55% used [0x0000000080000000,0x0000000085125948,0x0000000089380000)
 Metaspace       used 97982K, capacity 102568K, committed 103000K, reserved 1138688K
  class space    used 12552K, capacity 13495K, committed 13656K, reserved 1048576K
}
Event: 4267.822 GC heap before
{Heap before GC invocations=23 (full 4):
 PSYoungGen      total 368128K, used 350598K [0x00000000d5580000, 0x00000000ef680000, 0x0000000100000000)
  eden space 324608K, 100% used [0x00000000d5580000,0x00000000e9280000,0x00000000e9280000)
  from space 43520K, 59% used [0x00000000ecc00000,0x00000000ee561be0,0x00000000ef680000)
  to   space 51200K, 0% used [0x00000000e9280000,0x00000000e9280000,0x00000000ec480000)
 ParOldGen       total 151040K, used 83094K [0x0000000080000000, 0x0000000089380000, 0x00000000d5580000)
  object space 151040K, 55% used [0x0000000080000000,0x0000000085125948,0x0000000089380000)
 Metaspace       used 98873K, capacity 103578K, committed 103768K, reserved 1138688K
  class space    used 12668K, capacity 13616K, committed 13656K, reserved 1048576K
Event: 4268.358 GC heap after
Heap after GC invocations=23 (full 4):
 PSYoungGen      total 375808K, used 28243K [0x00000000d5580000, 0x00000000f4080000, 0x0000000100000000)
  eden space 324608K, 0% used [0x00000000d5580000,0x00000000d5580000,0x00000000e9280000)
  from space 51200K, 55% used [0x00000000e9280000,0x00000000eae14c10,0x00000000ec480000)
  to   space 50688K, 0% used [0x00000000f0f00000,0x00000000f0f00000,0x00000000f4080000)
 ParOldGen       total 151040K, used 83102K [0x0000000080000000, 0x0000000089380000, 0x00000000d5580000)
  object space 151040K, 55% used [0x0000000080000000,0x0000000085127948,0x0000000089380000)
 Metaspace       used 98873K, capacity 103578K, committed 103768K, reserved 1138688K
  class space    used 12668K, capacity 13616K, committed 13656K, reserved 1048576K
}
Event: 4284.825 GC heap before
{Heap before GC invocations=24 (full 4):
 PSYoungGen      total 375808K, used 352851K [0x00000000d5580000, 0x00000000f4080000, 0x0000000100000000)
  eden space 324608K, 100% used [0x00000000d5580000,0x00000000e9280000,0x00000000e9280000)
  from space 51200K, 55% used [0x00000000e9280000,0x00000000eae14c10,0x00000000ec480000)
  to   space 50688K, 0% used [0x00000000f0f00000,0x00000000f0f00000,0x00000000f4080000)
 ParOldGen       total 151040K, used 83102K [0x0000000080000000, 0x0000000089380000, 0x00000000d5580000)
  object space 151040K, 55% used [0x0000000080000000,0x0000000085127948,0x0000000089380000)
 Metaspace       used 107246K, capacity 112518K, committed 112600K, reserved 1146880K
  class space    used 13756K, capacity 14798K, committed 14808K, reserved 1048576K
Event: 4284.901 GC heap after
Heap after GC invocations=24 (full 4):
 PSYoungGen      total 445952K, used 41039K [0x00000000d5580000, 0x00000000f4280000, 0x0000000100000000)
  eden space 395264K, 0% used [0x00000000d5580000,0x00000000d5580000,0x00000000ed780000)
  from space 50688K, 80% used [0x00000000f0f00000,0x00000000f3713e08,0x00000000f4080000)
  to   space 54784K, 0% used [0x00000000ed780000,0x00000000ed780000,0x00000000f0d00000)
 ParOldGen       total 151040K, used 101147K [0x0000000080000000, 0x0000000089380000, 0x00000000d5580000)
  object space 151040K, 66% used [0x0000000080000000,0x00000000862c6dc8,0x0000000089380000)
 Metaspace       used 107246K, capacity 112518K, committed 112600K, reserved 1146880K
  class space    used 13756K, capacity 14798K, committed 14808K, reserved 1048576K
}

Deoptimization events (10 events):
Event: 4289.687 Thread 0x000000001ad2b800 Uncommon trap: reason=bimorphic action=maybe_recompile pc=0x0000000005d74de0 method=com.android.tools.r8.u.b.o1.a(Lcom/android/tools/r8/ir/analysis/type/u;)Lcom/android/tools/r8/u/b/o1; @ 23
Event: 4289.688 Thread 0x000000001ad2b800 Uncommon trap: reason=unstable_if action=reinterpret pc=0x00000000063a376c method=com.android.tools.r8.u.b.o1.b()Z @ 11
Event: 4289.705 Thread 0x000000001ad2b800 Uncommon trap: reason=unstable_if action=reinterpret pc=0x00000000063a275c method=com.android.tools.r8.ir.regalloc.b.c(I)Lcom/android/tools/r8/ir/regalloc/b; @ 48
Event: 4289.916 Thread 0x000000001ad35000 Uncommon trap: reason=unstable_if action=reinterpret pc=0x00000000052a17b0 method=com.android.tools.r8.v.a.a.a.h.J0.a(Ljava/lang/Object;)I @ 52
Event: 4289.946 Thread 0x000000001b115800 Uncommon trap: reason=class_check action=maybe_recompile pc=0x0000000005f6e3c0 method=java.lang.StringCoding.decode(Ljava/nio/charset/Charset;[BII)[C @ 1
Event: 4289.951 Thread 0x000000001ad33800 Uncommon trap: reason=unstable_if action=reinterpret pc=0x0000000002744708 method=com.android.tools.r8.graph.g0.equals(Ljava/lang/Object;)Z @ 28
Event: 4289.962 Thread 0x000000001ad2b800 Uncommon trap: reason=unstable_if action=reinterpret pc=0x0000000005d8bf64 method=com.android.tools.r8.s.a.a.b.t0.b(I[Ljava/lang/Object;)Lcom/android/tools/r8/s/a/a/b/t0; @ 179
Event: 4290.014 Thread 0x000000001b115800 Uncommon trap: reason=class_check action=maybe_recompile pc=0x0000000005f6e3c0 method=java.lang.StringCoding.decode(Ljava/nio/charset/Charset;[BII)[C @ 1
Event: 4290.020 Thread 0x000000001b115800 Uncommon trap: reason=class_check action=maybe_recompile pc=0x0000000005f6e3c0 method=java.lang.StringCoding.decode(Ljava/nio/charset/Charset;[BII)[C @ 1
Event: 4290.024 Thread 0x000000001b115800 Uncommon trap: reason=class_check action=maybe_recompile pc=0x0000000005f6e3c0 method=java.lang.StringCoding.decode(Ljava/nio/charset/Charset;[BII)[C @ 1

Classes redefined (0 events):
No events

Internal exceptions (10 events):
Event: 4282.685 Thread 0x000000001ad30000 Exception <a 'sun/nio/fs/WindowsException'> (0x00000000e5ff6a10) thrown at [C:\src\AOSP-openjdk-git\hotspot\src\share\vm\prims\jni.cpp, line 710]
Event: 4282.695 Thread 0x000000001ad2b800 Exception <a 'sun/nio/fs/WindowsException'> (0x00000000e69d73a0) thrown at [C:\src\AOSP-openjdk-git\hotspot\src\share\vm\prims\jni.cpp, line 710]
Event: 4282.699 Thread 0x000000002164f000 Exception <a 'sun/nio/fs/WindowsException'> (0x00000000e6c138d8) thrown at [C:\src\AOSP-openjdk-git\hotspot\src\share\vm\prims\jni.cpp, line 710]
Event: 4282.738 Thread 0x000000001ad33800 Exception <a 'sun/nio/fs/WindowsException'> (0x00000000e7996b90) thrown at [C:\src\AOSP-openjdk-git\hotspot\src\share\vm\prims\jni.cpp, line 710]
Event: 4288.051 Thread 0x000000001ad30000 Exception <a 'java/lang/NoSuchMethodError': java.lang.Object.lambda$maxBy$1(Ljava/util/Comparator;Ljava/lang/Object;Ljava/lang/Object;)Ljava/lang/Object;> (0x00000000ddf3b148) thrown at [C:\src\AOSP-openjdk-git\hotspot\src\share\vm\interpreter\linkResolve
Event: 4288.051 Thread 0x000000002164f000 Exception <a 'java/lang/NoSuchMethodError': java.lang.Object.lambda$maxBy$1(Ljava/util/Comparator;Ljava/lang/Object;Ljava/lang/Object;)Ljava/lang/Object;> (0x00000000ddf78c68) thrown at [C:\src\AOSP-openjdk-git\hotspot\src\share\vm\interpreter\linkResolve
Event: 4288.051 Thread 0x000000001ad35000 Exception <a 'java/lang/NoSuchMethodError': java.lang.Object.lambda$maxBy$1(Ljava/util/Comparator;Ljava/lang/Object;Ljava/lang/Object;)Ljava/lang/Object;> (0x00000000ddce7b10) thrown at [C:\src\AOSP-openjdk-git\hotspot\src\share\vm\interpreter\linkResolve
Event: 4288.051 Thread 0x000000001ad2b800 Exception <a 'java/lang/NoSuchMethodError': java.lang.Object.lambda$maxBy$1(Ljava/util/Comparator;Ljava/lang/Object;Ljava/lang/Object;)Ljava/lang/Object;> (0x00000000dde50f28) thrown at [C:\src\AOSP-openjdk-git\hotspot\src\share\vm\interpreter\linkResolve
Event: 4288.051 Thread 0x000000001ad2f000 Exception <a 'java/lang/NoSuchMethodError': java.lang.Object.lambda$maxBy$1(Ljava/util/Comparator;Ljava/lang/Object;Ljava/lang/Object;)Ljava/lang/Object;> (0x00000000ddf6b700) thrown at [C:\src\AOSP-openjdk-git\hotspot\src\share\vm\interpreter\linkResolve
Event: 4288.051 Thread 0x000000001ad30800 Exception <a 'java/lang/NoSuchMethodError': java.lang.Object.lambda$maxBy$1(Ljava/util/Comparator;Ljava/lang/Object;Ljava/lang/Object;)Ljava/lang/Object;> (0x00000000dde2c8d0) thrown at [C:\src\AOSP-openjdk-git\hotspot\src\share\vm\interpreter\linkResolve

Events (10 events):
Event: 4290.091 loading class com/android/tools/r8/code/R3
Event: 4290.091 loading class com/android/tools/r8/code/R3 done
Event: 4290.092 loading class com/android/tools/r8/dex/j
Event: 4290.092 loading class com/android/tools/r8/dex/j done
Event: 4290.093 loading class com/android/tools/r8/code/P3
Event: 4290.093 loading class com/android/tools/r8/code/P3 done
Event: 4290.094 loading class com/android/tools/r8/v/a/a/a/h/K
Event: 4290.094 loading class com/android/tools/r8/v/a/a/a/h/K done
Event: 4290.095 loading class com/android/tools/r8/code/Q3
Event: 4290.095 loading class com/android/tools/r8/code/Q3 done


Dynamic libraries:
0x00007ff7ae780000 - 0x00007ff7ae7b1000 	C:\Program Files\Android\Android Studio\jre\bin\java.exe
0x00007ffb27eb0000 - 0x00007ffb2809d000 	C:\Windows\SYSTEM32\ntdll.dll
0x00007ffb26550000 - 0x00007ffb26603000 	C:\Windows\System32\KERNEL32.DLL
0x00007ffb24240000 - 0x00007ffb244d3000 	C:\Windows\System32\KERNELBASE.dll
0x00007ffb25fe0000 - 0x00007ffb26083000 	C:\Windows\System32\ADVAPI32.dll
0x00007ffb25680000 - 0x00007ffb2571e000 	C:\Windows\System32\msvcrt.dll
0x00007ffb26270000 - 0x00007ffb2630e000 	C:\Windows\System32\sechost.dll
0x00007ffb27d50000 - 0x00007ffb27e72000 	C:\Windows\System32\RPCRT4.dll
0x00007ffb25dd0000 - 0x00007ffb25f67000 	C:\Windows\System32\USER32.dll
0x00007ffb24630000 - 0x00007ffb24650000 	C:\Windows\System32\win32u.dll
0x00007ffb26520000 - 0x00007ffb26549000 	C:\Windows\System32\GDI32.dll
0x00007ffb24000000 - 0x00007ffb24199000 	C:\Windows\System32\gdi32full.dll
0x00007ffb244e0000 - 0x00007ffb24580000 	C:\Windows\System32\msvcp_win.dll
0x00007ffb24890000 - 0x00007ffb2498a000 	C:\Windows\System32\ucrtbase.dll
0x00007ffb11360000 - 0x00007ffb115d9000 	C:\Windows\WinSxS\amd64_microsoft.windows.common-controls_6595b64144ccf1df_6.0.17763.615_none_05b4414a072024d4\COMCTL32.dll
0x00007ffb251c0000 - 0x00007ffb254ec000 	C:\Windows\System32\combase.dll
0x00007ffb23f80000 - 0x00007ffb23ffe000 	C:\Windows\System32\bcryptPrimitives.dll
0x00007ffb25190000 - 0x00007ffb251be000 	C:\Windows\System32\IMM32.DLL
0x000000005f910000 - 0x000000005f9e2000 	C:\Program Files\Android\Android Studio\jre\jre\bin\msvcr100.dll
0x000000005fa50000 - 0x000000006029b000 	C:\Program Files\Android\Android Studio\jre\jre\bin\server\jvm.dll
0x00007ffb25720000 - 0x00007ffb25728000 	C:\Windows\System32\PSAPI.DLL
0x00007ffb21620000 - 0x00007ffb21644000 	C:\Windows\SYSTEM32\WINMM.dll
0x00007ffb0ff10000 - 0x00007ffb0ff19000 	C:\Windows\SYSTEM32\WSOCK32.dll
0x00007ffb1aef0000 - 0x00007ffb1aefa000 	C:\Windows\SYSTEM32\VERSION.dll
0x00007ffb25f70000 - 0x00007ffb25fdd000 	C:\Windows\System32\WS2_32.dll
0x00007ffb215c0000 - 0x00007ffb215ed000 	C:\Windows\SYSTEM32\winmmbase.dll
0x00007ffb241d0000 - 0x00007ffb2421a000 	C:\Windows\System32\cfgmgr32.dll
0x00007ffb1fbb0000 - 0x00007ffb1fbbf000 	C:\Program Files\Android\Android Studio\jre\jre\bin\verify.dll
0x00007ffb162c0000 - 0x00007ffb162e9000 	C:\Program Files\Android\Android Studio\jre\jre\bin\java.dll
0x00007ffb13660000 - 0x00007ffb13676000 	C:\Program Files\Android\Android Studio\jre\jre\bin\zip.dll
0x00007ffb26840000 - 0x00007ffb27d30000 	C:\Windows\System32\SHELL32.dll
0x00007ffb250e0000 - 0x00007ffb25188000 	C:\Windows\System32\shcore.dll
0x00007ffb24990000 - 0x00007ffb250da000 	C:\Windows\System32\windows.storage.dll
0x00007ffb23f30000 - 0x00007ffb23f54000 	C:\Windows\System32\profapi.dll
0x00007ffb23eb0000 - 0x00007ffb23f0d000 	C:\Windows\System32\powrprof.dll
0x00007ffb267e0000 - 0x00007ffb26832000 	C:\Windows\System32\shlwapi.dll
0x00007ffb23f10000 - 0x00007ffb23f21000 	C:\Windows\System32\kernel.appcore.dll
0x00007ffb24220000 - 0x00007ffb24237000 	C:\Windows\System32\cryptsp.dll
0x00007ffb13430000 - 0x00007ffb1344a000 	C:\Program Files\Android\Android Studio\jre\jre\bin\net.dll
0x00007ffb23720000 - 0x00007ffb23787000 	C:\Windows\system32\mswsock.dll
0x00007ffb12360000 - 0x00007ffb12373000 	C:\Program Files\Android\Android Studio\jre\jre\bin\nio.dll
0x00007ffb12890000 - 0x00007ffb128b6000 	C:\Users\Amaya\.gradle\native\31\windows-amd64\native-platform.dll
0x00007ffb1fba0000 - 0x00007ffb1fbad000 	C:\Program Files\Android\Android Studio\jre\jre\bin\management.dll
0x00007ffb232e0000 - 0x00007ffb23313000 	C:\Windows\system32\rsaenh.dll
0x00007ffb241a0000 - 0x00007ffb241c6000 	C:\Windows\System32\bcrypt.dll
0x00007ffb23de0000 - 0x00007ffb23e08000 	C:\Windows\SYSTEM32\USERENV.dll
0x00007ffb238f0000 - 0x00007ffb238fc000 	C:\Windows\SYSTEM32\CRYPTBASE.dll
0x00007ffb23480000 - 0x00007ffb234bd000 	C:\Windows\SYSTEM32\IPHLPAPI.DLL
0x00007ffb26610000 - 0x00007ffb26618000 	C:\Windows\System32\NSI.dll
0x00007ffb18c40000 - 0x00007ffb18c56000 	C:\Windows\SYSTEM32\dhcpcsvc6.DLL
0x00007ffb18c20000 - 0x00007ffb18c3c000 	C:\Windows\SYSTEM32\dhcpcsvc.DLL
0x00007ffb234c0000 - 0x00007ffb23586000 	C:\Windows\SYSTEM32\DNSAPI.dll
0x00007ffb11810000 - 0x00007ffb11834000 	C:\Program Files\Android\Android Studio\jre\jre\bin\sunec.dll
0x00007ffb17f70000 - 0x00007ffb17f7a000 	C:\Windows\System32\rasadhlp.dll
0x00007ffb16d00000 - 0x00007ffb16d79000 	C:\Windows\System32\fwpuclnt.dll
0x00007ffb1a780000 - 0x00007ffb1a78b000 	C:\Program Files\Android\Android Studio\jre\jre\bin\sunmscapi.dll
0x00007ffb24650000 - 0x00007ffb2482b000 	C:\Windows\System32\CRYPT32.dll
0x00007ffb23f60000 - 0x00007ffb23f72000 	C:\Windows\System32\MSASN1.dll
0x00007ffb22f60000 - 0x00007ffb22f91000 	C:\Windows\SYSTEM32\ntmarta.dll

VM Arguments:
jvm_args: -Xmx2048m -Dfile.encoding=windows-1252 -Duser.country=US -Duser.language=en -Duser.variant 
java_command: org.gradle.launcher.daemon.bootstrap.GradleDaemon 6.1.1
java_class_path (initial): C:\Users\Amaya\.gradle\wrapper\dists\gradle-6.1.1-all\cfmwm155h49vnt3hynmlrsdst\gradle-6.1.1\lib\gradle-launcher-6.1.1.jar
Launcher Type: SUN_STANDARD

Environment Variables:
JAVA_HOME=C:\Program Files\Java\jdk-13.0.2
PATH=C:\Program Files\Microsoft MPI\Bin\;C:\Windows\system32;C:\Windows;C:\Windows\System32\Wbem;C:\Windows\System32\WindowsPowerShell\v1.0\;C:\Windows\System32\OpenSSH\;C:\Program Files\Microsoft SQL Server\Client SDK\ODBC\130\Tools\Binn\;C:\Program Files (x86)\Microsoft SQL Server\140\Tools\Binn\;C:\Program Files\Microsoft SQL Server\140\Tools\Binn\;C:\Program Files\Microsoft SQL Server\140\DTS\Binn\;C:\Program Files\Microsoft SQL Server\Client SDK\ODBC\170\Tools\Binn\;C:\Program Files (x86)\Microsoft SQL Server\150\Tools\Binn\;C:\Program Files\Microsoft SQL Server\150\Tools\Binn\;C:\Program Files\Microsoft SQL Server\150\DTS\Binn\;C:\Program Files (x86)\Microsoft SQL Server\150\DTS\Binn\;C:\Program Files\Java\jdk-13.0.2\bin;C:\Program Files\nodejs\;C:\Program Files\Git\cmd;C:\Program Files\Git\mingw64\bin;C:\Program Files\Git\usr\bin;C:\Users\Amaya\AppData\Local\Microsoft\WindowsApps;C:\Users\Amaya\AppData\Roaming\npm;C:\Users\Amaya\AppData\Local\Programs\Microsoft VS Code\bin
USERNAME=Amaya
OS=Windows_NT
PROCESSOR_IDENTIFIER=Intel64 Family 6 Model 142 Stepping 10, GenuineIntel



---------------  S Y S T E M  ---------------

OS: Windows 10.0 , 64 bit Build 17763 (10.0.17763.475)

CPU:total 8 (initial active 8) (4 cores per cpu, 2 threads per core) family 6 model 142 stepping 10, cmov, cx8, fxsr, mmx, sse, sse2, sse3, ssse3, sse4.1, sse4.2, popcnt, avx, avx2, aes, clmul, erms, 3dnowpref, lzcnt, ht, tsc, tscinvbit, bmi1, bmi2, adx

Memory: 4k page, physical 4056112k(330108k free), swap 7201840k(11804k free)

vm_info: OpenJDK 64-Bit Server VM (25.242-b01) for windows-amd64 JRE (1.8.0_242-release-1644-b01), built by "builder" with MS VC++ 10.0 (VS2010)

time: Sun Aug 16 01:10:25 2020
timezone: Sri Lanka Standard Time
elapsed time: 4290 seconds (0d 1h 11m 30s)

