#
# There is insufficient memory for the Java Runtime Environment to continue.
# Native memory allocation (malloc) failed to allocate 1971296 bytes for Chunk::new
# Possible reasons:
#   The system is out of physical RAM or swap space
#   The process is running with CompressedOops enabled, and the Java Heap may be blocking the growth of the native heap
# Possible solutions:
#   Reduce memory load on the system
#   Increase physical memory or swap space
#   Check if swap backing store is full
#   Decrease Java heap size (-Xmx/-Xms)
#   Decrease number of Java threads
#   Decrease Java thread stack sizes (-Xss)
#   Set larger code cache with -XX:ReservedCodeCacheSize=
#   JVM is running with Unscaled Compressed Oops mode in which the Java heap is
#     placed in the first 4GB address space. The Java Heap base address is the
#     maximum limit for the native heap growth. Please use -XX:HeapBaseMinAddress
#     to set the Java Heap base and to place the Java Heap above 4GB virtual address.
# This output file may be truncated or incomplete.
#
#  Out of Memory Error (allocation.cpp:389), pid=11408, tid=0x0000000000003038
#
# JRE version: OpenJDK Runtime Environment (8.0_242-b01) (build 1.8.0_242-release-1644-b01)
# Java VM: OpenJDK 64-Bit Server VM (25.242-b01 mixed mode windows-amd64 compressed oops)
# Failed to write core dump. Minidumps are not enabled by default on client versions of Windows
#

---------------  T H R E A D  ---------------

Current thread (0x000000001a06a800):  JavaThread "C2 CompilerThread2" daemon [_thread_in_native, id=12344, stack(0x000000001ab30000,0x000000001ac30000)]

Stack: [0x000000001ab30000,0x000000001ac30000]
[error occurred during error reporting (printing stack bounds), id 0xc0000005]

Native frames: (J=compiled Java code, j=interpreted, Vv=VM code, C=native code)


Current CompileTask:
C2:8989578 28540 %     4       com.android.tools.r8.ir.regalloc.a::a @ 1473 (1759 bytes)


---------------  P R O C E S S  ---------------

Java Threads: ( => current thread )
  0x00000000244be800 JavaThread "Cache worker for Java compile cache (C:\Users\Amaya\Desktop\DigitalHealth\.gradle\6.1.1\javaCompile)" [_thread_blocked, id=548, stack(0x0000000046d00000,0x0000000046e00000)]
  0x00000000244c2000 JavaThread "stdout" [_thread_in_native, id=968, stack(0x0000000046c00000,0x0000000046d00000)]
  0x00000000244c2800 JavaThread "stderr" [_thread_in_native, id=12020, stack(0x0000000046b00000,0x0000000046c00000)]
  0x00000000244bb800 JavaThread "pool-27-thread-1" [_thread_blocked, id=6436, stack(0x0000000046a00000,0x0000000046b00000)]
  0x00000000244be000 JavaThread "WorkerExecutor Queue Thread 2" [_thread_blocked, id=11792, stack(0x0000000046900000,0x0000000046a00000)]
  0x000000001f4f5800 JavaThread "WorkerExecutor Queue" [_thread_blocked, id=9456, stack(0x0000000046800000,0x0000000046900000)]
  0x000000001f4f5000 JavaThread "Cache worker for execution history cache (C:\Users\Amaya\Desktop\DigitalHealth\.gradle\6.1.1\executionHistory)" [_thread_blocked, id=4840, stack(0x0000000046700000,0x0000000046800000)]
  0x000000001f4f2800 JavaThread "Execution worker for ':' Thread 7" [_thread_blocked, id=9132, stack(0x0000000046600000,0x0000000046700000)]
  0x000000001f4f4000 JavaThread "Execution worker for ':' Thread 6" [_thread_blocked, id=4256, stack(0x0000000046500000,0x0000000046600000)]
  0x000000001f4f1000 JavaThread "Execution worker for ':' Thread 5" [_thread_blocked, id=12120, stack(0x0000000046400000,0x0000000046500000)]
  0x000000001f4f0800 JavaThread "Execution worker for ':' Thread 4" [_thread_in_native, id=2984, stack(0x0000000046300000,0x0000000046400000)]
  0x000000001f4ef800 JavaThread "Execution worker for ':' Thread 3" [_thread_in_native, id=2856, stack(0x0000000046200000,0x0000000046300000)]
  0x000000001f4f3800 JavaThread "Execution worker for ':' Thread 2" [_thread_in_native, id=9036, stack(0x0000000046100000,0x0000000046200000)]
  0x000000001f4e8000 JavaThread "Execution worker for ':'" [_thread_in_native, id=1860, stack(0x0000000046000000,0x0000000046100000)]
  0x000000001f4ef000 JavaThread "Cache worker for file content cache (C:\Users\Amaya\Desktop\DigitalHealth\.gradle\6.1.1\fileContent)" [_thread_blocked, id=10848, stack(0x0000000045f00000,0x0000000046000000)]
  0x000000001f4ee000 JavaThread "Cache worker for Build Output Cleanup Cache (C:\Users\Amaya\Desktop\DigitalHealth\.gradle\buildOutputCleanup)" [_thread_blocked, id=4156, stack(0x0000000045e00000,0x0000000045f00000)]
  0x000000001f4ed800 JavaThread "Build operations Thread 8" [_thread_blocked, id=10320, stack(0x0000000045d00000,0x0000000045e00000)]
  0x000000001f4eb000 JavaThread "Build operations Thread 7" [_thread_blocked, id=12064, stack(0x0000000045c00000,0x0000000045d00000)]
  0x000000001f4e7800 JavaThread "Build operations Thread 6" [_thread_blocked, id=10836, stack(0x0000000045b00000,0x0000000045c00000)]
  0x000000001f4ea800 JavaThread "Build operations Thread 5" [_thread_blocked, id=1728, stack(0x0000000045a00000,0x0000000045b00000)]
  0x000000001f4e9000 JavaThread "Build operations Thread 4" [_thread_blocked, id=12708, stack(0x0000000045900000,0x0000000045a00000)]
  0x000000001f4ec800 JavaThread "Build operations Thread 3" [_thread_blocked, id=9388, stack(0x0000000045800000,0x0000000045900000)]
  0x0000000023e22000 JavaThread "Build operations Thread 2" [_thread_blocked, id=8068, stack(0x0000000045700000,0x0000000045800000)]
  0x0000000023e1f000 JavaThread "Build operations" [_thread_blocked, id=2676, stack(0x0000000045600000,0x0000000045700000)]
  0x0000000023e1e800 JavaThread "Cache worker for cache directory md-rule (C:\Users\Amaya\.gradle\caches\6.1.1\md-rule)" [_thread_blocked, id=5748, stack(0x0000000045500000,0x0000000045600000)]
  0x0000000023e16800 JavaThread "Cache worker for cache directory md-supplier (C:\Users\Amaya\.gradle\caches\6.1.1\md-supplier)" [_thread_blocked, id=7936, stack(0x0000000045400000,0x0000000045500000)]
  0x0000000023e1d800 JavaThread "Cache worker for file hash cache (C:\Users\Amaya\Desktop\DigitalHealth\.gradle\6.1.1\fileHashes)" [_thread_blocked, id=8216, stack(0x0000000045300000,0x0000000045400000)]
  0x0000000023e1d000 JavaThread "Cache worker for checksums cache (C:\Users\Amaya\Desktop\DigitalHealth\.gradle\checksums)" [_thread_blocked, id=11852, stack(0x0000000045200000,0x0000000045300000)]
  0x0000000023e15000 JavaThread "Thread-338" [_thread_blocked, id=1896, stack(0x0000000045100000,0x0000000045200000)]
  0x0000000023e1c000 JavaThread "Stdin handler" [_thread_blocked, id=4640, stack(0x0000000045000000,0x0000000045100000)]
  0x0000000023e1a800 JavaThread "Asynchronous log dispatcher for DefaultDaemonConnection: socket connection from /127.0.0.1:1840 to /127.0.0.1:3017" [_thread_blocked, id=2820, stack(0x0000000044f00000,0x0000000045000000)]
  0x0000000023e18000 JavaThread "Daemon worker Thread 8" [_thread_in_native, id=12356, stack(0x0000000044e00000,0x0000000044f00000)]
  0x0000000023e19000 JavaThread "Cancel handler" [_thread_blocked, id=1312, stack(0x0000000044d00000,0x0000000044e00000)]
  0x0000000023e19800 JavaThread "Handler for socket connection from /127.0.0.1:1840 to /127.0.0.1:3017" [_thread_in_native, id=1020, stack(0x0000000044c00000,0x0000000044d00000)]
  0x0000000023e1b000 JavaThread "Daemon Thread 8" [_thread_blocked, id=5060, stack(0x0000000044b00000,0x0000000044c00000)]
  0x0000000023e13000 JavaThread "Cache worker for Java compile cache (C:\Users\Amaya\.gradle\caches\6.1.1\javaCompile)" [_thread_blocked, id=11876, stack(0x000000002d500000,0x000000002d600000)]
  0x000000001f4e6800 JavaThread "Cache worker for file content cache (C:\Users\Amaya\.gradle\caches\6.1.1\fileContent)" [_thread_blocked, id=3864, stack(0x000000002b100000,0x000000002b200000)]
  0x000000001f4e9800 JavaThread "Memory manager" [_thread_blocked, id=6544, stack(0x000000002b000000,0x000000002b100000)]
  0x000000001ca78000 JavaThread "Cache worker for execution history cache (C:\Users\Amaya\.gradle\caches\6.1.1\executionHistory)" [_thread_blocked, id=6548, stack(0x0000000020920000,0x0000000020a20000)]
  0x000000001ca79800 JavaThread "Cache worker for file hash cache (C:\Users\Amaya\.gradle\caches\6.1.1\fileHashes)" [_thread_blocked, id=4752, stack(0x000000001ee50000,0x000000001ef50000)]
  0x000000001ca78800 JavaThread "File lock request listener" [_thread_in_native, id=9644, stack(0x000000001ed50000,0x000000001ee50000)]
  0x000000001ca69800 JavaThread "Cache worker for journal cache (C:\Users\Amaya\.gradle\caches\journal-1)" [_thread_blocked, id=7568, stack(0x000000001ec50000,0x000000001ed50000)]
  0x000000001c925800 JavaThread "Daemon periodic checks" [_thread_blocked, id=236, stack(0x000000001df50000,0x000000001e050000)]
  0x000000001c909000 JavaThread "Incoming local TCP Connector on port 1840" [_thread_in_native, id=1040, stack(0x000000001dd10000,0x000000001de10000)]
  0x000000001c4b8800 JavaThread "Daemon health stats" [_thread_blocked, id=8580, stack(0x000000001d6d0000,0x000000001d7d0000)]
  0x000000001a091000 JavaThread "Service Thread" daemon [_thread_blocked, id=10908, stack(0x000000001ad30000,0x000000001ae30000)]
  0x000000001a070000 JavaThread "C1 CompilerThread3" daemon [_thread_blocked, id=6640, stack(0x000000001ac30000,0x000000001ad30000)]
=>0x000000001a06a800 JavaThread "C2 CompilerThread2" daemon [_thread_in_native, id=12344, stack(0x000000001ab30000,0x000000001ac30000)]
  0x000000001a067000 JavaThread "C2 CompilerThread1" daemon [_thread_blocked, id=9796, stack(0x000000001aa30000,0x000000001ab30000)]
  0x000000001a063000 JavaThread "C2 CompilerThread0" daemon [_thread_in_native, id=6652, stack(0x000000001a930000,0x000000001aa30000)]
  0x000000001a05f800 JavaThread "Attach Listener" daemon [_thread_blocked, id=13004, stack(0x000000001a830000,0x000000001a930000)]
  0x000000001827e800 JavaThread "Signal Dispatcher" daemon [_thread_blocked, id=584, stack(0x000000001a730000,0x000000001a830000)]
  0x0000000018272000 JavaThread "Finalizer" daemon [_thread_blocked, id=12232, stack(0x000000001a530000,0x000000001a630000)]
  0x00000000031f7800 JavaThread "Reference Handler" daemon [_thread_blocked, id=12172, stack(0x000000001a430000,0x000000001a530000)]
  0x0000000002ffe800 JavaThread "main" [_thread_blocked, id=10556, stack(0x0000000003000000,0x0000000003100000)]

Other Threads:
  0x0000000018266800 VMThread [stack: 0x0000000019f30000,0x000000001a030000] [id=3664]
  0x000000001a092000 WatcherThread [stack: 0x000000001ae30000,0x000000001af30000] [id=10052]

VM state:at safepoint (normal execution)

VM Mutex/Monitor currently owned by a thread:  ([mutex/lock_event])
[0x0000000002ffd3e0] Threads_lock - owner thread: 0x0000000018266800
[0x0000000002ffcb60] Heap_lock - owner thread: 0x000000001f4f1000

heap address: 0x0000000080000000, size: 2048 MB, Compressed Oops mode: 32-bit
Narrow klass base: 0x0000000000000000, Narrow klass shift: 3
Compressed class space size: 1073741824 Address: 0x0000000100000000

Heap:
 PSYoungGen      total 321536K, used 320334K [0x00000000d5580000, 0x00000000ee180000, 0x0000000100000000)
  eden space 293888K, 100% used [0x00000000d5580000,0x00000000e7480000,0x00000000e7480000)
  from space 27648K, 95% used [0x00000000ec680000,0x00000000ee053a50,0x00000000ee180000)
  to   space 55808K, 36% used [0x00000000e7480000,0x00000000e8868518,0x00000000eab00000)
 ParOldGen       total 168448K, used 120488K [0x0000000080000000, 0x000000008a480000, 0x00000000d5580000)
  object space 168448K, 71% used [0x0000000080000000,0x00000000875aa198,0x000000008a480000)
 Metaspace       used 114886K, capacity 122816K, committed 123008K, reserved 1157120K
  class space    used 14745K, capacity 16182K, committed 16256K, reserved 1048576K

Card table byte_map: [0x00000000125c0000,0x00000000129d0000] byte_map_base: 0x00000000121c0000

Marking Bits: (ParMarkBitMap*) 0x00000000563ef030
 Begin Bits: [0x0000000013480000, 0x0000000015480000)
 End Bits:   [0x0000000015480000, 0x0000000017480000)

Polling page: 0x0000000001730000

CodeCache: size=245760Kb used=79442Kb max_used=79442Kb free=166317Kb
 bounds [0x0000000003200000, 0x0000000008020000, 0x0000000012200000]
 total_blobs=22517 nmethods=21559 adapters=868
 compilation: enabled

Compilation events (10 events):
Event: 8989.264 Thread 0x000000001a070000 nmethod 28678% 0x0000000006fa5ed0 code [0x0000000006fa68e0, 0x0000000006fae098]
Event: 8989.264 Thread 0x000000001a070000 28679       2       com.android.tools.r8.u.b.n::a (189 bytes)
Event: 8989.266 Thread 0x000000001a070000 nmethod 28679 0x000000000664c2d0 code [0x000000000664c560, 0x000000000664cee8]
Event: 8989.266 Thread 0x000000001a070000 28680       2       com.android.tools.r8.u.b.q0::a (90 bytes)
Event: 8989.267 Thread 0x000000001a070000 nmethod 28680 0x0000000006fa5590 code [0x0000000006fa5760, 0x0000000006fa5b68]
Event: 8989.267 Thread 0x000000001a070000 28692       2       com.android.tools.r8.v.a.a.a.f.X::e (173 bytes)
Event: 8989.267 Thread 0x000000001a070000 nmethod 28692 0x000000000624a390 code [0x000000000624a520, 0x000000000624a9c8]
Event: 8989.267 Thread 0x000000001a070000 28681       2       com.android.tools.r8.ir.conversion.K$$Lambda$1249/1984223478::compare (12 bytes)
Event: 8989.268 Thread 0x000000001a070000 nmethod 28681 0x00000000062ac750 code [0x00000000062ac8c0, 0x00000000062acab0]
Event: 8989.268 Thread 0x000000001a070000 28693       3       com.android.tools.r8.ir.conversion.K::a (951 bytes)

GC Heap History (10 events):
Event: 2151.380 GC heap before
{Heap before GC invocations=36 (full 4):
 PSYoungGen      total 333312K, used 290476K [0x00000000d5580000, 0x00000000ef580000, 0x0000000100000000)
  eden space 265728K, 99% used [0x00000000d5580000,0x00000000e5826298,0x00000000e5900000)
  from space 67584K, 37% used [0x00000000e5900000,0x00000000e7205018,0x00000000e9b00000)
  to   space 65536K, 0% used [0x00000000eb580000,0x00000000eb580000,0x00000000ef580000)
 ParOldGen       total 168448K, used 120448K [0x0000000080000000, 0x000000008a480000, 0x00000000d5580000)
  object space 168448K, 71% used [0x0000000080000000,0x00000000875a0198,0x000000008a480000)
 Metaspace       used 113356K, capacity 120548K, committed 120704K, reserved 1155072K
  class space    used 14624K, capacity 15952K, committed 16000K, reserved 1048576K
Event: 2151.444 GC heap after
Heap after GC invocations=36 (full 4):
 PSYoungGen      total 349184K, used 39373K [0x00000000d5580000, 0x00000000eef00000, 0x0000000100000000)
  eden space 290304K, 0% used [0x00000000d5580000,0x00000000d5580000,0x00000000e7100000)
  from space 58880K, 66% used [0x00000000eb580000,0x00000000edbf37d8,0x00000000eef00000)
  to   space 64512K, 0% used [0x00000000e7100000,0x00000000e7100000,0x00000000eb000000)
 ParOldGen       total 168448K, used 120456K [0x0000000080000000, 0x000000008a480000, 0x00000000d5580000)
  object space 168448K, 71% used [0x0000000080000000,0x00000000875a2198,0x000000008a480000)
 Metaspace       used 113356K, capacity 120548K, committed 120704K, reserved 1155072K
  class space    used 14624K, capacity 15952K, committed 16000K, reserved 1048576K
}
Event: 2226.405 GC heap before
{Heap before GC invocations=37 (full 4):
 PSYoungGen      total 349184K, used 329677K [0x00000000d5580000, 0x00000000eef00000, 0x0000000100000000)
  eden space 290304K, 100% used [0x00000000d5580000,0x00000000e7100000,0x00000000e7100000)
  from space 58880K, 66% used [0x00000000eb580000,0x00000000edbf37d8,0x00000000eef00000)
  to   space 64512K, 0% used [0x00000000e7100000,0x00000000e7100000,0x00000000eb000000)
 ParOldGen       total 168448K, used 120456K [0x0000000080000000, 0x000000008a480000, 0x00000000d5580000)
  object space 168448K, 71% used [0x0000000080000000,0x00000000875a2198,0x000000008a480000)
 Metaspace       used 113615K, capacity 121026K, committed 121216K, reserved 1155072K
  class space    used 14644K, capacity 15989K, committed 16000K, reserved 1048576K
Event: 2226.469 GC heap after
Heap after GC invocations=37 (full 4):
 PSYoungGen      total 354816K, used 34756K [0x00000000d5580000, 0x00000000efc80000, 0x0000000100000000)
  eden space 290304K, 0% used [0x00000000d5580000,0x00000000d5580000,0x00000000e7100000)
  from space 64512K, 53% used [0x00000000e7100000,0x00000000e92f10e0,0x00000000eb000000)
  to   space 61952K, 0% used [0x00000000ec000000,0x00000000ec000000,0x00000000efc80000)
 ParOldGen       total 168448K, used 120464K [0x0000000080000000, 0x000000008a480000, 0x00000000d5580000)
  object space 168448K, 71% used [0x0000000080000000,0x00000000875a4198,0x000000008a480000)
 Metaspace       used 113615K, capacity 121026K, committed 121216K, reserved 1155072K
  class space    used 14644K, capacity 15989K, committed 16000K, reserved 1048576K
}
Event: 3241.038 GC heap before
{Heap before GC invocations=38 (full 4):
 PSYoungGen      total 354816K, used 325060K [0x00000000d5580000, 0x00000000efc80000, 0x0000000100000000)
  eden space 290304K, 100% used [0x00000000d5580000,0x00000000e7100000,0x00000000e7100000)
  from space 64512K, 53% used [0x00000000e7100000,0x00000000e92f10e0,0x00000000eb000000)
  to   space 61952K, 0% used [0x00000000ec000000,0x00000000ec000000,0x00000000efc80000)
 ParOldGen       total 168448K, used 120464K [0x0000000080000000, 0x000000008a480000, 0x00000000d5580000)
  object space 168448K, 71% used [0x0000000080000000,0x00000000875a4198,0x000000008a480000)
 Metaspace       used 113896K, capacity 121488K, committed 121600K, reserved 1155072K
  class space    used 14681K, capacity 16058K, committed 16128K, reserved 1048576K
Event: 3241.342 GC heap after
Heap after GC invocations=38 (full 4):
 PSYoungGen      total 358912K, used 33428K [0x00000000d5580000, 0x00000000ef400000, 0x0000000100000000)
  eden space 305664K, 0% used [0x00000000d5580000,0x00000000d5580000,0x00000000e8000000)
  from space 53248K, 62% used [0x00000000ec000000,0x00000000ee0a50d0,0x00000000ef400000)
  to   space 59392K, 0% used [0x00000000e8000000,0x00000000e8000000,0x00000000eba00000)
 ParOldGen       total 168448K, used 120472K [0x0000000080000000, 0x000000008a480000, 0x00000000d5580000)
  object space 168448K, 71% used [0x0000000080000000,0x00000000875a6198,0x000000008a480000)
 Metaspace       used 113896K, capacity 121488K, committed 121600K, reserved 1155072K
  class space    used 14681K, capacity 16058K, committed 16128K, reserved 1048576K
}
Event: 3271.014 GC heap before
{Heap before GC invocations=39 (full 4):
 PSYoungGen      total 358912K, used 339062K [0x00000000d5580000, 0x00000000ef400000, 0x0000000100000000)
  eden space 305664K, 99% used [0x00000000d5580000,0x00000000e7ff8940,0x00000000e8000000)
  from space 53248K, 62% used [0x00000000ec000000,0x00000000ee0a50d0,0x00000000ef400000)
  to   space 59392K, 0% used [0x00000000e8000000,0x00000000e8000000,0x00000000eba00000)
 ParOldGen       total 168448K, used 120472K [0x0000000080000000, 0x000000008a480000, 0x00000000d5580000)
  object space 168448K, 71% used [0x0000000080000000,0x00000000875a6198,0x000000008a480000)
 Metaspace       used 114272K, capacity 121990K, committed 122112K, reserved 1155072K
  class space    used 14712K, capacity 16125K, committed 16128K, reserved 1048576K
Event: 3271.080 GC heap after
Heap after GC invocations=39 (full 4):
 PSYoungGen      total 365056K, used 32349K [0x00000000d5580000, 0x00000000efe00000, 0x0000000100000000)
  eden space 305664K, 0% used [0x00000000d5580000,0x00000000d5580000,0x00000000e8000000)
  from space 59392K, 54% used [0x00000000e8000000,0x00000000e9f97518,0x00000000eba00000)
  to   space 56832K, 0% used [0x00000000ec680000,0x00000000ec680000,0x00000000efe00000)
 ParOldGen       total 168448K, used 120480K [0x0000000080000000, 0x000000008a480000, 0x00000000d5580000)
  object space 168448K, 71% used [0x0000000080000000,0x00000000875a8198,0x000000008a480000)
 Metaspace       used 114272K, capacity 121990K, committed 122112K, reserved 1155072K
  class space    used 14712K, capacity 16125K, committed 16128K, reserved 1048576K
}
Event: 8948.474 GC heap before
{Heap before GC invocations=40 (full 4):
 PSYoungGen      total 365056K, used 338013K [0x00000000d5580000, 0x00000000efe00000, 0x0000000100000000)
  eden space 305664K, 100% used [0x00000000d5580000,0x00000000e8000000,0x00000000e8000000)
  from space 59392K, 54% used [0x00000000e8000000,0x00000000e9f97518,0x00000000eba00000)
  to   space 56832K, 0% used [0x00000000ec680000,0x00000000ec680000,0x00000000efe00000)
 ParOldGen       total 168448K, used 120480K [0x0000000080000000, 0x000000008a480000, 0x00000000d5580000)
  object space 168448K, 71% used [0x0000000080000000,0x00000000875a8198,0x000000008a480000)
 Metaspace       used 114674K, capacity 122600K, committed 122752K, reserved 1155072K
  class space    used 14744K, capacity 16182K, committed 16256K, reserved 1048576K
Event: 8948.817 GC heap after
Heap after GC invocations=40 (full 4):
 PSYoungGen      total 321536K, used 26446K [0x00000000d5580000, 0x00000000ee180000, 0x0000000100000000)
  eden space 293888K, 0% used [0x00000000d5580000,0x00000000d5580000,0x00000000e7480000)
  from space 27648K, 95% used [0x00000000ec680000,0x00000000ee053a50,0x00000000ee180000)
  to   space 55808K, 0% used [0x00000000e7480000,0x00000000e7480000,0x00000000eab00000)
 ParOldGen       total 168448K, used 120488K [0x0000000080000000, 0x000000008a480000, 0x00000000d5580000)
  object space 168448K, 71% used [0x0000000080000000,0x00000000875aa198,0x000000008a480000)
 Metaspace       used 114674K, capacity 122600K, committed 122752K, reserved 1155072K
  class space    used 14744K, capacity 16182K, committed 16256K, reserved 1048576K
}

Deoptimization events (10 events):
Event: 8983.407 Thread 0x000000001f4f2800 Uncommon trap: reason=class_check action=maybe_recompile pc=0x00000000060fa5f0 method=com.sun.tools.javac.jvm.ClassReader.includeClassFile(Lcom/sun/tools/javac/code/Symbol$PackageSymbol;Ljavax/tools/JavaFileObject;)V @ 48
Event: 8983.407 Thread 0x000000001f4f2800 Uncommon trap: reason=speculate_class_check action=maybe_recompile pc=0x0000000005e4d4ec method=com.sun.tools.javac.file.JavacFileManager.inferBinaryName(Ljavax/tools/JavaFileManager$Location;Ljavax/tools/JavaFileObject;)Ljava/lang/String; @ 23
Event: 8983.409 Thread 0x000000001f4f2800 Uncommon trap: reason=class_check action=maybe_recompile pc=0x00000000060fa5f0 method=com.sun.tools.javac.jvm.ClassReader.includeClassFile(Lcom/sun/tools/javac/code/Symbol$PackageSymbol;Ljavax/tools/JavaFileObject;)V @ 48
Event: 8983.409 Thread 0x000000001f4f2800 Uncommon trap: reason=class_check action=maybe_recompile pc=0x00000000060fa5f0 method=com.sun.tools.javac.jvm.ClassReader.includeClassFile(Lcom/sun/tools/javac/code/Symbol$PackageSymbol;Ljavax/tools/JavaFileObject;)V @ 48
Event: 8986.197 Thread 0x000000001f4f2800 Uncommon trap: reason=unstable_if action=reinterpret pc=0x0000000006343ba0 method=com.sun.tools.javac.jvm.Items$Item.coerce(I)Lcom/sun/tools/javac/jvm/Items$Item; @ 5
Event: 8987.654 Thread 0x000000001f4f3800 Uncommon trap: reason=speculate_class_check action=maybe_recompile pc=0x0000000005f301d0 method=org.gradle.internal.snapshot.AbstractIncompleteSnapshotWithChildren.withReplacedChild(ILorg/gradle/internal/snapshot/FileSystemNode;Lorg/gradle/internal/snapsh
Event: 8987.654 Thread 0x000000001f4f3800 Uncommon trap: reason=speculate_class_check action=maybe_recompile pc=0x0000000005f301d0 method=org.gradle.internal.snapshot.AbstractIncompleteSnapshotWithChildren.withReplacedChild(ILorg/gradle/internal/snapshot/FileSystemNode;Lorg/gradle/internal/snapsh
Event: 8989.035 Thread 0x000000001f4f1000 Uncommon trap: reason=unstable_if action=reinterpret pc=0x0000000007f11994 method=com.android.tools.r8.u.b.n.b(Lcom/android/tools/r8/u/b/n;)Lcom/android/tools/r8/u/b/n$c; @ 35
Event: 8989.217 Thread 0x000000001f4f1000 Uncommon trap: reason=unstable_if action=reinterpret pc=0x00000000070aa75c method=com.android.tools.r8.ir.conversion.o.a(Lcom/android/tools/r8/ir/conversion/N;IZ)V @ 605
Event: 8989.273 Thread 0x000000001f4f1000 Uncommon trap: reason=class_check action=maybe_recompile pc=0x0000000006b35878 method=com.android.tools.r8.v.a.a.a.f.U.equals(Ljava/lang/Object;)Z @ 1

Classes redefined (0 events):
No events

Internal exceptions (10 events):
Event: 8975.411 Thread 0x000000001f4f2800 Exception <a 'sun/nio/fs/WindowsException'> (0x00000000dc3e6770) thrown at [C:\src\AOSP-openjdk-git\hotspot\src\share\vm\prims\jni.cpp, line 710]
Event: 8975.411 Thread 0x000000001f4f2800 Exception <a 'sun/nio/fs/WindowsException'> (0x00000000dc3e73b0) thrown at [C:\src\AOSP-openjdk-git\hotspot\src\share\vm\prims\jni.cpp, line 710]
Event: 8975.411 Thread 0x000000001f4f2800 Exception <a 'sun/nio/fs/WindowsException'> (0x00000000dc3e8078) thrown at [C:\src\AOSP-openjdk-git\hotspot\src\share\vm\prims\jni.cpp, line 710]
Event: 8975.412 Thread 0x000000001f4f2800 Exception <a 'sun/nio/fs/WindowsException'> (0x00000000dc3ee0e0) thrown at [C:\src\AOSP-openjdk-git\hotspot\src\share\vm\prims\jni.cpp, line 710]
Event: 8975.412 Thread 0x000000001f4f2800 Exception <a 'sun/nio/fs/WindowsException'> (0x00000000dc3eed68) thrown at [C:\src\AOSP-openjdk-git\hotspot\src\share\vm\prims\jni.cpp, line 710]
Event: 8975.412 Thread 0x000000001f4f2800 Exception <a 'sun/nio/fs/WindowsException'> (0x00000000dc3efa78) thrown at [C:\src\AOSP-openjdk-git\hotspot\src\share\vm\prims\jni.cpp, line 710]
Event: 8975.412 Thread 0x000000001f4f2800 Exception <a 'sun/nio/fs/WindowsException'> (0x00000000dc3f1868) thrown at [C:\src\AOSP-openjdk-git\hotspot\src\share\vm\prims\jni.cpp, line 710]
Event: 8975.412 Thread 0x000000001f4f2800 Exception <a 'sun/nio/fs/WindowsException'> (0x00000000dc3f2500) thrown at [C:\src\AOSP-openjdk-git\hotspot\src\share\vm\prims\jni.cpp, line 710]
Event: 8975.412 Thread 0x000000001f4f2800 Exception <a 'sun/nio/fs/WindowsException'> (0x00000000dc3f3220) thrown at [C:\src\AOSP-openjdk-git\hotspot\src\share\vm\prims\jni.cpp, line 710]
Event: 8988.334 Thread 0x000000001f4f1000 Exception <a 'sun/nio/fs/WindowsException'> (0x00000000e09b07f8) thrown at [C:\src\AOSP-openjdk-git\hotspot\src\share\vm\prims\jni.cpp, line 710]

Events (10 events):
Event: 8989.212 Thread 0x000000001a070000 flushing nmethod 0x00000000072599d0
Event: 8989.214 Thread 0x000000001a070000 flushing nmethod 0x00000000077aa650
Event: 8989.217 Thread 0x000000001f4f1000 Uncommon trap: trap_request=0xffffff65 fr.pc=0x00000000070aa75c
Event: 8989.217 Thread 0x000000001f4f1000 DEOPT PACKING pc=0x00000000070aa75c sp=0x00000000464fc210
Event: 8989.217 Thread 0x000000001f4f1000 DEOPT UNPACKING pc=0x000000000324557b sp=0x00000000464fc1f8 mode 2
Event: 8989.268 Thread 0x000000001f4f1000 DEOPT PACKING pc=0x0000000006712d76 sp=0x00000000464fc010
Event: 8989.268 Thread 0x000000001f4f1000 DEOPT UNPACKING pc=0x00000000032475d0 sp=0x00000000464fbf30 mode 0
Event: 8989.273 Thread 0x000000001f4f1000 Uncommon trap: trap_request=0xffffffde fr.pc=0x0000000006b35878
Event: 8989.273 Thread 0x000000001f4f1000 DEOPT PACKING pc=0x0000000006b35878 sp=0x00000000464fc020
Event: 8989.273 Thread 0x000000001f4f1000 DEOPT UNPACKING pc=0x000000000324557b sp=0x00000000464fbfb8 mode 2


Dynamic libraries:
0x00007ff6c9420000 - 0x00007ff6c9451000 	C:\Program Files\Android\Android Studio\jre\bin\java.exe
0x00007ffd45ea0000 - 0x00007ffd4608d000 	C:\Windows\SYSTEM32\ntdll.dll
0x00007ffd434b0000 - 0x00007ffd43563000 	C:\Windows\System32\KERNEL32.DLL
0x00007ffd42b80000 - 0x00007ffd42e13000 	C:\Windows\System32\KERNELBASE.dll
0x00007ffd44460000 - 0x00007ffd44503000 	C:\Windows\System32\ADVAPI32.dll
0x00007ffd44180000 - 0x00007ffd4421e000 	C:\Windows\System32\msvcrt.dll
0x00007ffd439f0000 - 0x00007ffd43a8e000 	C:\Windows\System32\sechost.dll
0x00007ffd43fe0000 - 0x00007ffd44102000 	C:\Windows\System32\RPCRT4.dll
0x00007ffd43d90000 - 0x00007ffd43f27000 	C:\Windows\System32\USER32.dll
0x00007ffd42b60000 - 0x00007ffd42b80000 	C:\Windows\System32\win32u.dll
0x00007ffd43480000 - 0x00007ffd434a9000 	C:\Windows\System32\GDI32.dll
0x00007ffd42770000 - 0x00007ffd42909000 	C:\Windows\System32\gdi32full.dll
0x00007ffd42e20000 - 0x00007ffd42ec0000 	C:\Windows\System32\msvcp_win.dll
0x00007ffd42910000 - 0x00007ffd42a0a000 	C:\Windows\System32\ucrtbase.dll
0x00007ffd2ef80000 - 0x00007ffd2f1f9000 	C:\Windows\WinSxS\amd64_microsoft.windows.common-controls_6595b64144ccf1df_6.0.17763.615_none_05b4414a072024d4\COMCTL32.dll
0x00007ffd430d0000 - 0x00007ffd433fc000 	C:\Windows\System32\combase.dll
0x00007ffd42a10000 - 0x00007ffd42a8e000 	C:\Windows\System32\bcryptPrimitives.dll
0x00007ffd44950000 - 0x00007ffd4497e000 	C:\Windows\System32\IMM32.DLL
0x0000000054bf0000 - 0x0000000054cc2000 	C:\Program Files\Android\Android Studio\jre\jre\bin\msvcr100.dll
0x0000000055c20000 - 0x000000005646b000 	C:\Program Files\Android\Android Studio\jre\jre\bin\server\jvm.dll
0x00007ffd44590000 - 0x00007ffd44598000 	C:\Windows\System32\PSAPI.DLL
0x00007ffd3c8e0000 - 0x00007ffd3c8ea000 	C:\Windows\SYSTEM32\VERSION.dll
0x00007ffd27eb0000 - 0x00007ffd27eb9000 	C:\Windows\SYSTEM32\WSOCK32.dll
0x00007ffd3dd40000 - 0x00007ffd3dd64000 	C:\Windows\SYSTEM32\WINMM.dll
0x00007ffd448e0000 - 0x00007ffd4494d000 	C:\Windows\System32\WS2_32.dll
0x00007ffd3d950000 - 0x00007ffd3d97d000 	C:\Windows\SYSTEM32\WINMMBASE.dll
0x00007ffd42b10000 - 0x00007ffd42b5a000 	C:\Windows\System32\cfgmgr32.dll
0x00007ffd3aa80000 - 0x00007ffd3aa8f000 	C:\Program Files\Android\Android Studio\jre\jre\bin\verify.dll
0x00007ffd333a0000 - 0x00007ffd333c9000 	C:\Program Files\Android\Android Studio\jre\jre\bin\java.dll
0x00007ffd354d0000 - 0x00007ffd354e6000 	C:\Program Files\Android\Android Studio\jre\jre\bin\zip.dll
0x00007ffd44980000 - 0x00007ffd45e70000 	C:\Windows\System32\SHELL32.dll
0x00007ffd43f30000 - 0x00007ffd43fd8000 	C:\Windows\System32\shcore.dll
0x00007ffd41f70000 - 0x00007ffd426ba000 	C:\Windows\System32\windows.storage.dll
0x00007ffd41f40000 - 0x00007ffd41f64000 	C:\Windows\System32\profapi.dll
0x00007ffd41ea0000 - 0x00007ffd41efd000 	C:\Windows\System32\powrprof.dll
0x00007ffd44120000 - 0x00007ffd44172000 	C:\Windows\System32\shlwapi.dll
0x00007ffd41f00000 - 0x00007ffd41f11000 	C:\Windows\System32\kernel.appcore.dll
0x00007ffd42a90000 - 0x00007ffd42aa7000 	C:\Windows\System32\cryptsp.dll
0x00007ffd34d90000 - 0x00007ffd34daa000 	C:\Program Files\Android\Android Studio\jre\jre\bin\net.dll
0x00007ffd41710000 - 0x00007ffd41777000 	C:\Windows\system32\mswsock.dll
0x00007ffd33380000 - 0x00007ffd33393000 	C:\Program Files\Android\Android Studio\jre\jre\bin\nio.dll
0x00007ffd2a400000 - 0x00007ffd2a426000 	C:\Users\Amaya\.gradle\native\31\windows-amd64\native-platform.dll
0x00007ffd35e00000 - 0x00007ffd35e0d000 	C:\Program Files\Android\Android Studio\jre\jre\bin\management.dll
0x00007ffd412d0000 - 0x00007ffd41303000 	C:\Windows\system32\rsaenh.dll
0x00007ffd42ec0000 - 0x00007ffd42ee6000 	C:\Windows\System32\bcrypt.dll
0x00007ffd41dd0000 - 0x00007ffd41df8000 	C:\Windows\SYSTEM32\USERENV.dll
0x00007ffd418e0000 - 0x00007ffd418ec000 	C:\Windows\SYSTEM32\CRYPTBASE.dll
0x00007ffd41470000 - 0x00007ffd414ad000 	C:\Windows\SYSTEM32\IPHLPAPI.DLL
0x00007ffd43a90000 - 0x00007ffd43a98000 	C:\Windows\System32\NSI.dll
0x00007ffd36a00000 - 0x00007ffd36a16000 	C:\Windows\SYSTEM32\dhcpcsvc6.DLL
0x00007ffd368f0000 - 0x00007ffd3690c000 	C:\Windows\SYSTEM32\dhcpcsvc.DLL
0x00007ffd414b0000 - 0x00007ffd41576000 	C:\Windows\SYSTEM32\DNSAPI.dll
0x00007ffd31070000 - 0x00007ffd31094000 	C:\Program Files\Android\Android Studio\jre\jre\bin\sunec.dll
0x00007ffd36b40000 - 0x00007ffd36b4a000 	C:\Windows\System32\rasadhlp.dll
0x00007ffd363b0000 - 0x00007ffd36429000 	C:\Windows\System32\fwpuclnt.dll
0x00007ffd355c0000 - 0x00007ffd355cb000 	C:\Program Files\Android\Android Studio\jre\jre\bin\sunmscapi.dll
0x00007ffd42ef0000 - 0x00007ffd430cb000 	C:\Windows\System32\CRYPT32.dll
0x00007ffd41f20000 - 0x00007ffd41f32000 	C:\Windows\System32\MSASN1.dll

VM Arguments:
jvm_args: -Xmx2048m -Dfile.encoding=windows-1252 -Duser.country=US -Duser.language=en -Duser.variant 
java_command: org.gradle.launcher.daemon.bootstrap.GradleDaemon 6.1.1
java_class_path (initial): C:\Users\Amaya\.gradle\wrapper\dists\gradle-6.1.1-all\cfmwm155h49vnt3hynmlrsdst\gradle-6.1.1\lib\gradle-launcher-6.1.1.jar
Launcher Type: SUN_STANDARD

Environment Variables:
JAVA_HOME=C:\Program Files\Java\jdk-13.0.2
PATH=C:\Program Files\Microsoft MPI\Bin\;C:\Windows\system32;C:\Windows;C:\Windows\System32\Wbem;C:\Windows\System32\WindowsPowerShell\v1.0\;C:\Windows\System32\OpenSSH\;C:\Program Files\Microsoft SQL Server\Client SDK\ODBC\130\Tools\Binn\;C:\Program Files (x86)\Microsoft SQL Server\140\Tools\Binn\;C:\Program Files\Microsoft SQL Server\140\Tools\Binn\;C:\Program Files\Microsoft SQL Server\140\DTS\Binn\;C:\Program Files\Microsoft SQL Server\Client SDK\ODBC\170\Tools\Binn\;C:\Program Files (x86)\Microsoft SQL Server\150\Tools\Binn\;C:\Program Files\Microsoft SQL Server\150\Tools\Binn\;C:\Program Files\Microsoft SQL Server\150\DTS\Binn\;C:\Program Files (x86)\Microsoft SQL Server\150\DTS\Binn\;C:\Program Files\Java\jdk-13.0.2\bin;C:\Program Files\nodejs\;C:\Program Files\Git\cmd;C:\Program Files\Git\mingw64\bin;C:\Program Files\Git\usr\bin;C:\Users\Amaya\AppData\Local\Microsoft\WindowsApps;C:\Users\Amaya\AppData\Roaming\npm;C:\Users\Amaya\AppData\Local\Programs\Microsoft VS Code\bin
USERNAME=Amaya
OS=Windows_NT
PROCESSOR_IDENTIFIER=Intel64 Family 6 Model 142 Stepping 10, GenuineIntel



---------------  S Y S T E M  ---------------

OS: Windows 10.0 , 64 bit Build 17763 (10.0.17763.475)

CPU:total 8 (initial active 8) (4 cores per cpu, 2 threads per core) family 6 model 142 stepping 10, cmov, cx8, fxsr, mmx, sse, sse2, sse3, ssse3, sse4.1, sse4.2, popcnt, avx, avx2, aes, clmul, erms, 3dnowpref, lzcnt, ht, tsc, tscinvbit, bmi1, bmi2, adx

Memory: 4k page, physical 4056112k(287476k free), swap 7201840k(18052k free)

vm_info: OpenJDK 64-Bit Server VM (25.242-b01) for windows-amd64 JRE (1.8.0_242-release-1644-b01), built by "builder" with MS VC++ 10.0 (VS2010)

time: Wed Sep 23 14:28:10 2020
timezone: Sri Lanka Standard Time
elapsed time: 8990 seconds (0d 2h 29m 50s)

